2025-12-02 15:02:51,823 - INFO - Configuration loaded from modbus_config.json
2025-12-02 15:02:51,937 - INFO - Database connected successfully
2025-12-02 15:02:51,944 - INFO - Loaded 12 alarm mappings from database
2025-12-02 15:02:51,944 - INFO - Modbus Alarm Monitor initialized
2025-12-02 15:02:51,951 - ERROR - Connection to (192.168.1.100, 502) failed: [Errno 65] No route to host
2025-12-02 15:02:51,951 - ERROR - Failed to connect to Modbus server
2025-12-02 15:02:51,951 - ERROR - Cannot start monitoring - Modbus connection failed
2025-12-02 15:04:22,223 - WARNING - Monitor is not running
2025-12-02 15:04:22,226 - WARNING - Monitor is not running
2025-12-02 15:14:06,155 - INFO - Configuration loaded from modbus_config.json
2025-12-02 15:14:06,194 - INFO - Database connected successfully
2025-12-02 15:14:06,199 - INFO - Loaded 12 alarm mappings from database
2025-12-02 15:14:06,199 - INFO - Modbus Alarm Monitor initialized
2025-12-02 15:14:06,203 - ERROR - Connection to (192.168.1.100, 502) failed: [Errno 65] No route to host
2025-12-02 15:14:06,203 - ERROR - Failed to connect to Modbus server
2025-12-02 15:14:06,203 - ERROR - Cannot start monitoring - Modbus connection failed
2025-12-02 15:14:09,329 - WARNING - Monitor is not running
2025-12-02 15:14:09,329 - WARNING - Monitor is not running
2025-12-02 15:14:26,311 - INFO - Configuration loaded from modbus_config.json
2025-12-02 15:14:26,347 - INFO - Database connected successfully
2025-12-02 15:14:26,351 - INFO - Loaded 12 alarm mappings from database
2025-12-02 15:14:26,351 - INFO - Modbus Alarm Monitor initialized
2025-12-02 15:14:26,355 - ERROR - Connection to (192.168.1.100, 502) failed: [Errno 65] No route to host
2025-12-02 15:14:26,355 - ERROR - Failed to connect to Modbus server
2025-12-02 15:14:26,355 - ERROR - Cannot start monitoring - Modbus connection failed
2025-12-02 15:20:59,368 - WARNING - Monitor is not running
2025-12-02 15:20:59,370 - WARNING - Monitor is not running
2025-12-02 15:49:13,659 - INFO - Configuration loaded from modbus_config.json
2025-12-02 15:49:13,694 - INFO - Database connected successfully
2025-12-02 15:49:13,701 - INFO - Loaded 12 alarm mappings from database
2025-12-02 15:49:13,701 - INFO - Modbus Alarm Monitor initialized
2025-12-02 15:49:13,707 - ERROR - Connection to (192.168.1.100, 502) failed: [Errno 65] No route to host
2025-12-02 15:49:13,707 - ERROR - Failed to connect to Modbus server
2025-12-02 15:49:13,707 - ERROR - Cannot start monitoring - Modbus connection failed
2025-12-02 15:49:55,231 - WARNING - Monitor is not running
2025-12-02 15:49:55,233 - WARNING - Monitor is not running
