2025-12-04 00:04:27,246 - INFO - Alarm 4: SPM BUOY WA Restart flag - ACTIVE
2025-12-04 00:04:30,307 - INFO - Alarm 8: RECEIVING TERMINALS Power/Communications Fault - ACTIVE
2025-12-04 00:05:52,343 - INFO - Alarm 9: RECEIVING TERMINALS WA Restart flag - ACTIVE
2025-12-04 00:06:13,684 - INFO - Alarm 6: SPM BUOY Sensor A fault - ACTIVE
2025-12-04 00:22:12,798 - INFO - Alarm 3: SPM BUOY Power/Communications Fault - CLEARED
2025-12-04 00:22:18,904 - INFO - Alarm 9: RECEIVING TERMINALS WA Restart flag - CLEARED
2025-12-04 00:22:20,936 - INFO - Alarm 4: SPM BUOY WA Restart flag - CLEARED
2025-12-04 00:39:18,805 - INFO - Alarm 6: SPM BUOY Sensor A fault - CLEARED
2025-12-04 00:40:14,010 - INFO - Alarm 3: SPM BUOY Power/Communications Fault - ACTIVE
2025-12-04 00:56:18,229 - INFO - Alarm 11: RECEIVING TERMINALS Sensor A fault - CLEARED
2025-12-04 00:58:12,075 - INFO - Alarm 4: SPM BUOY WA Restart flag - ACTIVE
2025-12-04 00:58:20,203 - INFO - Alarm 9: RECEIVING TERMINALS WA Restart flag - ACTIVE
2025-12-04 00:59:00,240 - INFO - Alarm 11: RECEIVING TERMINALS Sensor A fault - ACTIVE
2025-12-04 01:27:53,989 - INFO - Alarm 10: RECEIVING TERMINALS GPS Fault - ACTIVE
2025-12-04 01:28:03,150 - INFO - Alarm 9: RECEIVING TERMINALS WA Restart flag - CLEARED
2025-12-04 01:28:49,210 - INFO - Alarm 8: RECEIVING TERMINALS Power/Communications Fault - CLEARED
2025-12-04 02:00:55,331 - INFO - Alarm 6: SPM BUOY Sensor A fault - ACTIVE
2025-12-04 02:01:50,563 - INFO - Alarm 11: RECEIVING TERMINALS Sensor A fault - CLEARED
2025-12-04 02:19:21,508 - INFO - Alarm 5: SPM BUOY GPS Fault - ACTIVE
2025-12-04 02:35:25,937 - INFO - Alarm 11: RECEIVING TERMINALS Sensor A fault - ACTIVE
2025-12-04 02:36:01,959 - INFO - Alarm 6: SPM BUOY Sensor A fault - CLEARED
2025-12-04 03:01:06,703 - INFO - Alarm 9: RECEIVING TERMINALS WA Restart flag - ACTIVE
2025-12-04 03:01:52,761 - INFO - Alarm 9: RECEIVING TERMINALS WA Restart flag - CLEARED
2025-12-04 03:36:34,665 - INFO - Alarm 5: SPM BUOY GPS Fault - CLEARED
2025-12-04 03:37:56,710 - INFO - Alarm 11: RECEIVING TERMINALS Sensor A fault - CLEARED
2025-12-04 03:38:08,889 - INFO - Alarm 11: RECEIVING TERMINALS Sensor A fault - ACTIVE
2025-12-04 03:38:42,795 - INFO - Alarm 6: SPM BUOY Sensor A fault - ACTIVE
2025-12-04 03:55:37,930 - INFO - Alarm 5: SPM BUOY GPS Fault - ACTIVE
2025-12-04 03:56:05,710 - INFO - Alarm 3: SPM BUOY Power/Communications Fault - CLEARED
2025-12-04 03:57:25,739 - INFO - Alarm 3: SPM BUOY Power/Communications Fault - ACTIVE
2025-12-04 04:29:49,227 - INFO - Alarm 11: RECEIVING TERMINALS Sensor A fault - CLEARED
2025-12-04 04:32:26,169 - INFO - Alarm 10: RECEIVING TERMINALS GPS Fault - CLEARED
2025-12-04 04:48:30,334 - INFO - Alarm 9: RECEIVING TERMINALS WA Restart flag - ACTIVE
2025-12-04 04:49:28,651 - INFO - Alarm 5: SPM BUOY GPS Fault - CLEARED
2025-12-04 05:06:33,839 - INFO - Alarm 4: SPM BUOY WA Restart flag - CLEARED
2025-12-04 05:20:20,060 - INFO - Alarm 10: RECEIVING TERMINALS GPS Fault - ACTIVE
2025-12-04 05:21:54,518 - INFO - Alarm 4: SPM BUOY WA Restart flag - ACTIVE
2025-12-04 05:24:05,735 - INFO - Alarm 6: SPM BUOY Sensor A fault - CLEARED
2025-12-04 05:43:09,381 - INFO - Alarm 11: RECEIVING TERMINALS Sensor A fault - ACTIVE
2025-12-04 06:00:06,225 - INFO - Alarm 3: SPM BUOY Power/Communications Fault - CLEARED
2025-12-04 06:17:24,460 - INFO - Alarm 9: RECEIVING TERMINALS WA Restart flag - CLEARED
2025-12-04 06:49:40,674 - INFO - Alarm 6: SPM BUOY Sensor A fault - ACTIVE
2025-12-04 06:51:00,720 - INFO - Alarm 4: SPM BUOY WA Restart flag - CLEARED
2025-12-04 06:51:03,771 - INFO - Alarm 4: SPM BUOY WA Restart flag - ACTIVE
2025-12-04 06:52:05,714 - INFO - Alarm 5: SPM BUOY GPS Fault - ACTIVE
2025-12-04 07:10:07,839 - INFO - Alarm 6: SPM BUOY Sensor A fault - CLEARED
2025-12-04 07:11:09,253 - INFO - Alarm 9: RECEIVING TERMINALS WA Restart flag - ACTIVE
2025-12-04 07:11:12,300 - INFO - Alarm 4: SPM BUOY WA Restart flag - CLEARED
2025-12-04 07:11:43,211 - INFO - Alarm 5: SPM BUOY GPS Fault - CLEARED
2025-12-04 07:11:46,264 - INFO - Alarm 5: SPM BUOY GPS Fault - ACTIVE
2025-12-04 07:12:28,368 - INFO - Alarm 6: SPM BUOY Sensor A fault - ACTIVE
2025-12-04 07:56:39,789 - INFO - Alarm 9: RECEIVING TERMINALS WA Restart flag - CLEARED
2025-12-04 07:56:42,837 - INFO - Alarm 3: SPM BUOY Power/Communications Fault - ACTIVE
2025-12-04 07:57:19,756 - INFO - Alarm 3: SPM BUOY Power/Communications Fault - CLEARED
2025-12-04 08:16:39,264 - INFO - Alarm 5: SPM BUOY GPS Fault - CLEARED
2025-12-04 08:18:39,410 - INFO - Alarm 6: SPM BUOY Sensor A fault - CLEARED
2025-12-04 08:40:22,025 - INFO - Alarm 11: RECEIVING TERMINALS Sensor A fault - CLEARED
2025-12-04 08:42:25,142 - INFO - Alarm 8: RECEIVING TERMINALS Power/Communications Fault - ACTIVE
2025-12-04 08:42:42,409 - INFO - Alarm 3: SPM BUOY Power/Communications Fault - ACTIVE
2025-12-04 08:57:36,300 - INFO - Alarm 5: SPM BUOY GPS Fault - ACTIVE
2025-12-04 11:39:42,363 - INFO - Alarm 8: RECEIVING TERMINALS Power/Communications Fault - CLEARED
2025-12-04 11:40:11,679 - INFO - Alarm 8: RECEIVING TERMINALS Power/Communications Fault - ACTIVE
2025-12-04 11:40:14,719 - INFO - Alarm 10: RECEIVING TERMINALS GPS Fault - CLEARED
2025-12-04 11:40:17,752 - INFO - Alarm 6: SPM BUOY Sensor A fault - ACTIVE
2025-12-04 11:40:54,162 - INFO - Alarm 8: RECEIVING TERMINALS Power/Communications Fault - CLEARED
2025-12-04 11:41:09,335 - INFO - Alarm 4: SPM BUOY WA Restart flag - ACTIVE
2025-12-04 11:41:12,377 - INFO - Alarm 3: SPM BUOY Power/Communications Fault - CLEARED
2025-12-04 11:41:18,451 - INFO - Alarm 10: RECEIVING TERMINALS GPS Fault - ACTIVE
2025-12-04 11:41:47,778 - INFO - Alarm 4: SPM BUOY WA Restart flag - CLEARED
2025-12-04 11:41:50,818 - INFO - Alarm 11: RECEIVING TERMINALS Sensor A fault - ACTIVE
2025-12-04 11:42:45,397 - INFO - Alarm 6: SPM BUOY Sensor A fault - CLEARED
2025-12-04 11:43:35,996 - INFO - Alarm 5: SPM BUOY GPS Fault - CLEARED
2025-12-04 11:44:06,342 - INFO - Alarm 8: RECEIVING TERMINALS Power/Communications Fault - ACTIVE
2025-12-04 11:44:09,385 - INFO - Alarm 4: SPM BUOY WA Restart flag - ACTIVE
2025-12-04 11:44:15,461 - INFO - Alarm 11: RECEIVING TERMINALS Sensor A fault - CLEARED
2025-12-04 11:44:47,808 - INFO - Alarm 6: SPM BUOY Sensor A fault - ACTIVE
2025-12-04 11:45:21,181 - INFO - Alarm 10: RECEIVING TERMINALS GPS Fault - CLEARED
2025-12-04 11:45:51,533 - INFO - Alarm 9: RECEIVING TERMINALS WA Restart flag - ACTIVE
2025-12-04 11:48:21,134 - INFO - Alarm 11: RECEIVING TERMINALS Sensor A fault - ACTIVE
2025-12-04 11:50:42,726 - INFO - Alarm 11: RECEIVING TERMINALS Sensor A fault - CLEARED
2025-12-04 11:51:27,207 - INFO - Alarm 11: RECEIVING TERMINALS Sensor A fault - ACTIVE
2025-12-04 11:52:12,696 - INFO - Alarm 5: SPM BUOY GPS Fault - ACTIVE
2025-12-04 11:54:03,890 - INFO - Alarm 11: RECEIVING TERMINALS Sensor A fault - CLEARED
2025-12-04 11:55:09,607 - INFO - Alarm 8: RECEIVING TERMINALS Power/Communications Fault - CLEARED
2025-12-04 11:55:58,095 - INFO - Alarm 9: RECEIVING TERMINALS WA Restart flag - CLEARED
2025-12-04 11:56:01,134 - INFO - Alarm 11: RECEIVING TERMINALS Sensor A fault - ACTIVE
2025-12-04 11:57:09,830 - INFO - Alarm 8: RECEIVING TERMINALS Power/Communications Fault - ACTIVE
2025-12-04 11:58:10,504 - INFO - Alarm 8: RECEIVING TERMINALS Power/Communications Fault - CLEARED
2025-12-04 11:58:16,576 - INFO - Alarm 5: SPM BUOY GPS Fault - CLEARED
2025-12-04 11:58:27,706 - INFO - Alarm 5: SPM BUOY GPS Fault - ACTIVE
2025-12-04 11:58:45,929 - INFO - Alarm 8: RECEIVING TERMINALS Power/Communications Fault - ACTIVE
2025-12-04 11:59:04,156 - INFO - Alarm 5: SPM BUOY GPS Fault - CLEARED
2025-12-04 11:59:28,472 - INFO - Alarm 11: RECEIVING TERMINALS Sensor A fault - CLEARED
2025-12-04 12:01:37,293 - INFO - Alarm 8: RECEIVING TERMINALS Power/Communications Fault - CLEARED
2025-12-04 12:02:01,678 - INFO - Alarm 10: RECEIVING TERMINALS GPS Fault - ACTIVE
2025-12-04 12:02:31,099 - INFO - Alarm 8: RECEIVING TERMINALS Power/Communications Fault - ACTIVE
2025-12-04 12:03:58,457 - INFO - Alarm 9: RECEIVING TERMINALS WA Restart flag - ACTIVE
2025-12-04 12:04:16,750 - INFO - Alarm 11: RECEIVING TERMINALS Sensor A fault - ACTIVE
2025-12-04 12:04:25,878 - INFO - Alarm 3: SPM BUOY Power/Communications Fault - ACTIVE
2025-12-04 12:05:01,439 - INFO - Alarm 8: RECEIVING TERMINALS Power/Communications Fault - CLEARED
2025-12-04 12:05:47,142 - INFO - Alarm 10: RECEIVING TERMINALS GPS Fault - CLEARED
2025-12-04 12:07:05,335 - INFO - Alarm 5: SPM BUOY GPS Fault - ACTIVE
2025-12-04 12:07:08,397 - INFO - Alarm 9: RECEIVING TERMINALS WA Restart flag - CLEARED
2025-12-04 12:07:34,786 - INFO - Alarm 6: SPM BUOY Sensor A fault - CLEARED
2025-12-04 12:08:38,751 - INFO - Alarm 11: RECEIVING TERMINALS Sensor A fault - CLEARED
2025-12-04 12:09:53,889 - INFO - Alarm 6: SPM BUOY Sensor A fault - ACTIVE
2025-12-04 12:10:08,121 - INFO - Alarm 8: RECEIVING TERMINALS Power/Communications Fault - ACTIVE
2025-12-04 12:10:20,314 - INFO - Alarm 5: SPM BUOY GPS Fault - CLEARED
2025-12-04 12:10:56,872 - INFO - Alarm 11: RECEIVING TERMINALS Sensor A fault - ACTIVE
2025-12-04 12:11:14,170 - INFO - Alarm 9: RECEIVING TERMINALS WA Restart flag - ACTIVE
2025-12-04 12:11:41,563 - INFO - Alarm 4: SPM BUOY WA Restart flag - CLEARED
2025-12-04 12:11:50,707 - INFO - Alarm 10: RECEIVING TERMINALS GPS Fault - ACTIVE
2025-12-04 12:12:08,996 - INFO - Alarm 5: SPM BUOY GPS Fault - ACTIVE
2025-12-04 12:13:11,951 - INFO - Alarm 11: RECEIVING TERMINALS Sensor A fault - CLEARED
2025-12-04 12:13:27,190 - INFO - Alarm 6: SPM BUOY Sensor A fault - CLEARED
2025-12-04 12:14:11,881 - INFO - Alarm 6: SPM BUOY Sensor A fault - ACTIVE
2025-12-04 12:16:03,586 - INFO - Alarm 5: SPM BUOY GPS Fault - CLEARED
2025-12-04 12:16:26,934 - INFO - Alarm 10: RECEIVING TERMINALS GPS Fault - CLEARED
2025-12-04 12:16:39,127 - INFO - Alarm 9: RECEIVING TERMINALS WA Restart flag - CLEARED
2025-12-04 12:17:30,905 - INFO - Alarm 4: SPM BUOY WA Restart flag - ACTIVE
2025-12-04 12:18:12,538 - INFO - Alarm 9: RECEIVING TERMINALS WA Restart flag - ACTIVE
2025-12-04 12:18:18,634 - INFO - Alarm 6: SPM BUOY Sensor A fault - CLEARED
2025-12-04 12:18:45,029 - INFO - Alarm 6: SPM BUOY Sensor A fault - ACTIVE
2025-12-04 12:18:51,127 - INFO - Alarm 6: SPM BUOY Sensor A fault - CLEARED
2025-12-04 12:19:12,458 - INFO - Alarm 3: SPM BUOY Power/Communications Fault - CLEARED
2025-12-04 12:19:39,872 - INFO - Alarm 6: SPM BUOY Sensor A fault - ACTIVE
2025-12-04 12:19:49,012 - INFO - Alarm 11: RECEIVING TERMINALS Sensor A fault - ACTIVE
2025-12-04 12:20:15,438 - INFO - Alarm 4: SPM BUOY WA Restart flag - CLEARED
2025-12-04 12:20:27,582 - INFO - Alarm 8: RECEIVING TERMINALS Power/Communications Fault - CLEARED
2025-12-04 12:20:48,888 - INFO - Alarm 4: SPM BUOY WA Restart flag - ACTIVE
2025-12-04 12:20:51,931 - INFO - Alarm 8: RECEIVING TERMINALS Power/Communications Fault - ACTIVE
2025-12-04 12:21:01,031 - INFO - Alarm 5: SPM BUOY GPS Fault - ACTIVE
2025-12-04 12:21:51,592 - INFO - Alarm 4: SPM BUOY WA Restart flag - CLEARED
2025-12-04 12:22:03,726 - INFO - Alarm 10: RECEIVING TERMINALS GPS Fault - ACTIVE
2025-12-04 12:22:58,293 - INFO - Alarm 11: RECEIVING TERMINALS Sensor A fault - CLEARED
2025-12-04 12:23:18,516 - INFO - Alarm 10: RECEIVING TERMINALS GPS Fault - CLEARED
2025-12-04 12:24:31,268 - INFO - Alarm 11: RECEIVING TERMINALS Sensor A fault - ACTIVE
2025-12-04 12:24:58,577 - INFO - Alarm 6: SPM BUOY Sensor A fault - CLEARED
2025-12-04 12:25:01,619 - INFO - Alarm 8: RECEIVING TERMINALS Power/Communications Fault - CLEARED
2025-12-04 12:25:03,647 - INFO - Alarm 4: SPM BUOY WA Restart flag - ACTIVE
2025-12-04 12:25:15,771 - INFO - Alarm 8: RECEIVING TERMINALS Power/Communications Fault - ACTIVE
2025-12-04 12:25:52,138 - INFO - Alarm 3: SPM BUOY Power/Communications Fault - ACTIVE
2025-12-04 12:26:25,498 - INFO - Alarm 4: SPM BUOY WA Restart flag - CLEARED
2025-12-04 12:26:31,578 - INFO - Alarm 6: SPM BUOY Sensor A fault - ACTIVE
2025-12-04 12:26:43,721 - INFO - Alarm 10: RECEIVING TERMINALS GPS Fault - ACTIVE
2025-12-04 12:26:48,785 - INFO - Alarm 5: SPM BUOY GPS Fault - CLEARED
2025-12-04 12:27:06,986 - INFO - Alarm 9: RECEIVING TERMINALS WA Restart flag - CLEARED
2025-12-04 12:27:22,153 - INFO - Alarm 6: SPM BUOY Sensor A fault - CLEARED
2025-12-04 12:28:04,624 - INFO - Alarm 9: RECEIVING TERMINALS WA Restart flag - ACTIVE
2025-12-04 12:29:16,400 - INFO - Alarm 11: RECEIVING TERMINALS Sensor A fault - CLEARED
2025-12-04 12:29:55,821 - INFO - Alarm 9: RECEIVING TERMINALS WA Restart flag - CLEARED
2025-12-04 12:30:22,106 - INFO - Alarm 6: SPM BUOY Sensor A fault - ACTIVE
2025-12-04 12:30:25,139 - INFO - Alarm 10: RECEIVING TERMINALS GPS Fault - CLEARED
2025-12-04 12:30:49,397 - INFO - Alarm 9: RECEIVING TERMINALS WA Restart flag - ACTIVE
2025-12-04 12:31:58,153 - INFO - Alarm 9: RECEIVING TERMINALS WA Restart flag - CLEARED
2025-12-04 12:32:37,596 - INFO - Alarm 4: SPM BUOY WA Restart flag - ACTIVE
2025-12-04 12:33:49,418 - INFO - Alarm 9: RECEIVING TERMINALS WA Restart flag - ACTIVE
2025-12-04 12:34:56,235 - INFO - Alarm 4: SPM BUOY WA Restart flag - CLEARED
2025-12-04 12:35:19,601 - INFO - Alarm 11: RECEIVING TERMINALS Sensor A fault - ACTIVE
2025-12-04 12:35:47,031 - INFO - Alarm 4: SPM BUOY WA Restart flag - ACTIVE
2025-12-04 12:36:19,539 - INFO - Alarm 3: SPM BUOY Power/Communications Fault - CLEARED
2025-12-04 12:36:31,729 - INFO - Alarm 8: RECEIVING TERMINALS Power/Communications Fault - CLEARED
2025-12-04 12:36:34,778 - INFO - Alarm 9: RECEIVING TERMINALS WA Restart flag - CLEARED
2025-12-04 12:37:32,661 - INFO - Alarm 6: SPM BUOY Sensor A fault - CLEARED
2025-12-04 12:37:52,987 - INFO - Alarm 4: SPM BUOY WA Restart flag - CLEARED
2025-12-04 12:38:55,957 - INFO - Alarm 11: RECEIVING TERMINALS Sensor A fault - CLEARED
2025-12-04 12:39:02,056 - INFO - Alarm 11: RECEIVING TERMINALS Sensor A fault - ACTIVE
2025-12-04 12:39:05,112 - INFO - Alarm 11: RECEIVING TERMINALS Sensor A fault - CLEARED
2025-12-04 12:40:20,073 - INFO - Alarm 6: SPM BUOY Sensor A fault - ACTIVE
2025-12-04 12:40:32,276 - INFO - Alarm 4: SPM BUOY WA Restart flag - ACTIVE
2025-12-04 12:41:47,408 - INFO - Alarm 8: RECEIVING TERMINALS Power/Communications Fault - ACTIVE
2025-12-04 12:42:20,936 - INFO - Alarm 9: RECEIVING TERMINALS WA Restart flag - ACTIVE
2025-12-04 12:42:23,990 - INFO - Alarm 4: SPM BUOY WA Restart flag - CLEARED
2025-12-04 12:42:59,493 - INFO - Alarm 9: RECEIVING TERMINALS WA Restart flag - CLEARED
2025-12-04 12:43:51,273 - INFO - Alarm 10: RECEIVING TERMINALS GPS Fault - ACTIVE
2025-12-04 12:44:20,705 - INFO - Alarm 3: SPM BUOY Power/Communications Fault - ACTIVE
2025-12-04 12:45:03,377 - INFO - Alarm 6: SPM BUOY Sensor A fault - CLEARED
2025-12-04 12:45:12,491 - INFO - Alarm 3: SPM BUOY Power/Communications Fault - CLEARED
2025-12-04 12:45:20,623 - INFO - Alarm 8: RECEIVING TERMINALS Power/Communications Fault - CLEARED
2025-12-04 12:45:26,714 - INFO - Alarm 6: SPM BUOY Sensor A fault - ACTIVE
2025-12-04 12:45:54,127 - INFO - Alarm 9: RECEIVING TERMINALS WA Restart flag - ACTIVE
2025-12-04 12:45:57,177 - INFO - Alarm 9: RECEIVING TERMINALS WA Restart flag - CLEARED
2025-12-04 12:46:06,323 - INFO - Alarm 3: SPM BUOY Power/Communications Fault - ACTIVE
2025-12-04 12:46:50,952 - INFO - Alarm 5: SPM BUOY GPS Fault - ACTIVE
2025-12-04 12:47:42,740 - INFO - Alarm 11: RECEIVING TERMINALS Sensor A fault - ACTIVE
2025-12-04 12:48:09,128 - INFO - Alarm 3: SPM BUOY Power/Communications Fault - CLEARED
2025-12-04 12:49:52,606 - INFO - Alarm 3: SPM BUOY Power/Communications Fault - ACTIVE
2025-12-04 12:50:01,730 - INFO - Alarm 9: RECEIVING TERMINALS WA Restart flag - ACTIVE
2025-12-04 12:50:14,105 - INFO - Alarm 11: RECEIVING TERMINALS Sensor A fault - CLEARED
2025-12-04 13:39:26,191 - INFO - Alarm 6: SPM BUOY Sensor A fault - CLEARED
2025-12-04 14:29:51,786 - INFO - Alarm 11: RECEIVING TERMINALS Sensor A fault - ACTIVE
2025-12-04 15:32:48,103 - INFO - Alarm 11: RECEIVING TERMINALS Sensor A fault - CLEARED
2025-12-04 15:32:51,144 - INFO - Alarm 4: SPM BUOY WA Restart flag - ACTIVE
2025-12-04 15:32:59,241 - INFO - Alarm 8: RECEIVING TERMINALS Power/Communications Fault - ACTIVE
2025-12-04 15:34:05,980 - INFO - Alarm 3: SPM BUOY Power/Communications Fault - CLEARED
2025-12-04 15:34:24,173 - INFO - Alarm 4: SPM BUOY WA Restart flag - CLEARED
2025-12-04 15:34:27,224 - INFO - Alarm 11: RECEIVING TERMINALS Sensor A fault - ACTIVE
2025-12-04 15:34:33,302 - INFO - Alarm 8: RECEIVING TERMINALS Power/Communications Fault - CLEARED
2025-12-04 15:34:53,509 - INFO - Alarm 5: SPM BUOY GPS Fault - CLEARED
2025-12-04 15:34:56,540 - INFO - Alarm 9: RECEIVING TERMINALS WA Restart flag - CLEARED
2025-12-04 15:35:23,825 - INFO - Alarm 8: RECEIVING TERMINALS Power/Communications Fault - ACTIVE
2025-12-04 15:35:35,950 - INFO - Alarm 5: SPM BUOY GPS Fault - ACTIVE
2025-12-04 15:35:38,994 - INFO - Alarm 9: RECEIVING TERMINALS WA Restart flag - ACTIVE
2025-12-04 15:35:51,125 - INFO - Alarm 10: RECEIVING TERMINALS GPS Fault - CLEARED
2025-12-04 15:36:21,445 - INFO - Alarm 3: SPM BUOY Power/Communications Fault - ACTIVE
2025-12-04 15:36:32,575 - INFO - Alarm 10: RECEIVING TERMINALS GPS Fault - ACTIVE
2025-12-04 15:36:47,745 - INFO - Alarm 5: SPM BUOY GPS Fault - CLEARED
2025-12-04 15:37:39,311 - INFO - Alarm 6: SPM BUOY Sensor A fault - ACTIVE
2025-12-04 15:38:11,671 - INFO - Alarm 6: SPM BUOY Sensor A fault - CLEARED
2025-12-04 15:38:26,814 - INFO - Alarm 10: RECEIVING TERMINALS GPS Fault - CLEARED
2025-12-04 15:38:57,111 - INFO - Alarm 5: SPM BUOY GPS Fault - ACTIVE
2025-12-04 15:40:42,148 - INFO - Alarm 3: SPM BUOY Power/Communications Fault - CLEARED
2025-12-04 15:42:21,146 - INFO - Alarm 4: SPM BUOY WA Restart flag - ACTIVE
2025-12-04 15:42:45,387 - INFO - Alarm 4: SPM BUOY WA Restart flag - CLEARED
2025-12-04 15:42:48,429 - INFO - Alarm 4: SPM BUOY WA Restart flag - ACTIVE
2025-12-04 15:43:12,632 - INFO - Alarm 8: RECEIVING TERMINALS Power/Communications Fault - CLEARED
2025-12-04 15:43:24,739 - INFO - Alarm 8: RECEIVING TERMINALS Power/Communications Fault - ACTIVE
2025-12-04 15:44:03,069 - INFO - Alarm 3: SPM BUOY Power/Communications Fault - ACTIVE
2025-12-04 15:45:00,577 - INFO - Alarm 11: RECEIVING TERMINALS Sensor A fault - CLEARED
2025-12-04 15:45:09,671 - INFO - Alarm 3: SPM BUOY Power/Communications Fault - CLEARED
2025-12-04 15:45:33,938 - INFO - Alarm 8: RECEIVING TERMINALS Power/Communications Fault - CLEARED
2025-12-04 15:46:00,184 - INFO - Alarm 8: RECEIVING TERMINALS Power/Communications Fault - ACTIVE
2025-12-04 15:46:54,703 - INFO - Alarm 9: RECEIVING TERMINALS WA Restart flag - CLEARED
2025-12-04 15:48:06,543 - INFO - Alarm 5: SPM BUOY GPS Fault - CLEARED
2025-12-04 15:48:12,617 - INFO - Alarm 8: RECEIVING TERMINALS Power/Communications Fault - CLEARED
2025-12-04 15:48:15,657 - INFO - Alarm 9: RECEIVING TERMINALS WA Restart flag - ACTIVE
2025-12-04 15:48:18,696 - INFO - Alarm 6: SPM BUOY Sensor A fault - ACTIVE
2025-12-04 15:48:21,740 - INFO - Alarm 6: SPM BUOY Sensor A fault - CLEARED
2025-12-04 15:48:33,870 - INFO - Alarm 8: RECEIVING TERMINALS Power/Communications Fault - ACTIVE
2025-12-04 15:48:36,899 - INFO - Alarm 5: SPM BUOY GPS Fault - ACTIVE
2025-12-04 15:48:45,985 - INFO - Alarm 4: SPM BUOY WA Restart flag - CLEARED
2025-12-04 15:49:01,167 - INFO - Alarm 11: RECEIVING TERMINALS Sensor A fault - ACTIVE
2025-12-04 15:49:19,358 - INFO - Alarm 5: SPM BUOY GPS Fault - CLEARED
2025-12-04 15:50:18,968 - INFO - Alarm 8: RECEIVING TERMINALS Power/Communications Fault - CLEARED
2025-12-04 15:51:01,409 - INFO - Alarm 10: RECEIVING TERMINALS GPS Fault - ACTIVE
2025-12-04 15:52:01,003 - INFO - Alarm 3: SPM BUOY Power/Communications Fault - ACTIVE
2025-12-04 15:53:27,914 - INFO - Alarm 8: RECEIVING TERMINALS Power/Communications Fault - ACTIVE
2025-12-04 15:55:43,252 - INFO - Alarm 6: SPM BUOY Sensor A fault - ACTIVE
2025-12-04 15:56:31,685 - INFO - Alarm 8: RECEIVING TERMINALS Power/Communications Fault - CLEARED
2025-12-04 15:57:13,055 - INFO - Alarm 8: RECEIVING TERMINALS Power/Communications Fault - ACTIVE
2025-12-04 15:57:16,082 - INFO - Alarm 4: SPM BUOY WA Restart flag - ACTIVE
2025-12-04 15:58:01,512 - INFO - Alarm 9: RECEIVING TERMINALS WA Restart flag - CLEARED
2025-12-04 15:58:13,638 - INFO - Alarm 8: RECEIVING TERMINALS Power/Communications Fault - CLEARED
2025-12-04 15:58:40,870 - INFO - Alarm 11: RECEIVING TERMINALS Sensor A fault - CLEARED
2025-12-04 15:59:22,262 - INFO - Alarm 3: SPM BUOY Power/Communications Fault - CLEARED
2025-12-04 15:59:46,501 - INFO - Alarm 4: SPM BUOY WA Restart flag - CLEARED
2025-12-04 16:01:22,408 - INFO - Alarm 9: RECEIVING TERMINALS WA Restart flag - ACTIVE
2025-12-04 16:01:28,460 - INFO - Alarm 5: SPM BUOY GPS Fault - ACTIVE
2025-12-04 16:01:31,492 - INFO - Alarm 9: RECEIVING TERMINALS WA Restart flag - CLEARED
2025-12-04 16:01:37,568 - INFO - Alarm 11: RECEIVING TERMINALS Sensor A fault - ACTIVE
2025-12-04 16:01:40,600 - INFO - Alarm 3: SPM BUOY Power/Communications Fault - ACTIVE
2025-12-04 16:02:26,052 - INFO - Alarm 8: RECEIVING TERMINALS Power/Communications Fault - ACTIVE
2025-12-04 16:02:35,143 - INFO - Alarm 4: SPM BUOY WA Restart flag - ACTIVE
2025-12-04 16:03:25,635 - INFO - Alarm 9: RECEIVING TERMINALS WA Restart flag - ACTIVE
2025-12-04 16:03:31,709 - INFO - Alarm 6: SPM BUOY Sensor A fault - CLEARED
2025-12-04 16:04:08,028 - INFO - Alarm 6: SPM BUOY Sensor A fault - ACTIVE
2025-12-04 16:04:14,099 - INFO - Alarm 3: SPM BUOY Power/Communications Fault - CLEARED
2025-12-04 16:04:26,236 - INFO - Alarm 10: RECEIVING TERMINALS GPS Fault - CLEARED
2025-12-04 16:04:44,411 - INFO - Alarm 10: RECEIVING TERMINALS GPS Fault - ACTIVE
2025-12-04 16:05:07,651 - INFO - Alarm 10: RECEIVING TERMINALS GPS Fault - CLEARED
2025-12-04 16:06:08,213 - INFO - Alarm 6: SPM BUOY Sensor A fault - CLEARED
2025-12-04 16:06:11,254 - INFO - Alarm 9: RECEIVING TERMINALS WA Restart flag - CLEARED
2025-12-04 16:07:07,960 - INFO - Alarm 10: RECEIVING TERMINALS GPS Fault - ACTIVE
2025-12-04 16:07:23,152 - INFO - Alarm 6: SPM BUOY Sensor A fault - ACTIVE
2025-12-04 16:07:53,555 - INFO - Alarm 6: SPM BUOY Sensor A fault - CLEARED
2025-12-04 16:08:41,128 - INFO - Alarm 4: SPM BUOY WA Restart flag - CLEARED
2025-12-04 16:09:02,417 - INFO - Alarm 4: SPM BUOY WA Restart flag - ACTIVE
2025-12-04 16:09:17,604 - INFO - Alarm 3: SPM BUOY Power/Communications Fault - ACTIVE
2025-12-04 16:09:29,778 - INFO - Alarm 5: SPM BUOY GPS Fault - CLEARED
2025-12-04 16:10:38,506 - INFO - Alarm 6: SPM BUOY Sensor A fault - ACTIVE
2025-12-04 16:11:39,068 - INFO - Alarm 11: RECEIVING TERMINALS Sensor A fault - CLEARED
2025-12-04 16:11:48,148 - INFO - Alarm 11: RECEIVING TERMINALS Sensor A fault - ACTIVE
2025-12-04 16:12:03,316 - INFO - Alarm 11: RECEIVING TERMINALS Sensor A fault - CLEARED
2025-12-04 16:12:50,756 - INFO - Alarm 11: RECEIVING TERMINALS Sensor A fault - ACTIVE
2025-12-04 16:13:05,894 - INFO - Alarm 5: SPM BUOY GPS Fault - ACTIVE
2025-12-04 16:13:27,071 - INFO - Alarm 8: RECEIVING TERMINALS Power/Communications Fault - CLEARED
2025-12-04 16:13:48,258 - INFO - Alarm 3: SPM BUOY Power/Communications Fault - CLEARED
2025-12-04 16:14:26,632 - INFO - Alarm 6: SPM BUOY Sensor A fault - CLEARED
2025-12-04 16:15:15,075 - INFO - Alarm 6: SPM BUOY Sensor A fault - ACTIVE
2025-12-04 16:15:36,272 - INFO - Alarm 4: SPM BUOY WA Restart flag - CLEARED
2025-12-04 16:15:57,473 - INFO - Alarm 4: SPM BUOY WA Restart flag - ACTIVE
2025-12-04 16:16:00,511 - INFO - Alarm 8: RECEIVING TERMINALS Power/Communications Fault - ACTIVE
2025-12-04 16:16:24,723 - INFO - Alarm 9: RECEIVING TERMINALS WA Restart flag - ACTIVE
2025-12-04 16:17:15,198 - INFO - Alarm 10: RECEIVING TERMINALS GPS Fault - CLEARED
2025-12-04 16:18:00,623 - INFO - Alarm 3: SPM BUOY Power/Communications Fault - ACTIVE
2025-12-04 16:18:15,764 - INFO - Alarm 10: RECEIVING TERMINALS GPS Fault - ACTIVE
2025-12-04 16:18:38,998 - INFO - Alarm 11: RECEIVING TERMINALS Sensor A fault - CLEARED
2025-12-04 16:20:00,740 - INFO - Alarm 8: RECEIVING TERMINALS Power/Communications Fault - CLEARED
2025-12-04 16:20:03,781 - INFO - Alarm 11: RECEIVING TERMINALS Sensor A fault - ACTIVE
2025-12-04 16:20:21,939 - INFO - Alarm 5: SPM BUOY GPS Fault - CLEARED
2025-12-04 16:20:24,977 - INFO - Alarm 11: RECEIVING TERMINALS Sensor A fault - CLEARED
2025-12-04 16:20:34,061 - INFO - Alarm 11: RECEIVING TERMINALS Sensor A fault - ACTIVE
2025-12-04 16:20:42,130 - INFO - Alarm 11: RECEIVING TERMINALS Sensor A fault - CLEARED
2025-12-04 16:21:12,423 - INFO - Alarm 6: SPM BUOY Sensor A fault - CLEARED
2025-12-04 16:22:03,890 - INFO - Alarm 11: RECEIVING TERMINALS Sensor A fault - ACTIVE
2025-12-04 16:22:19,027 - INFO - Alarm 9: RECEIVING TERMINALS WA Restart flag - CLEARED
2025-12-04 16:22:31,126 - INFO - Alarm 3: SPM BUOY Power/Communications Fault - CLEARED
2025-12-04 16:23:18,558 - INFO - Alarm 10: RECEIVING TERMINALS GPS Fault - CLEARED
2025-12-04 16:23:33,707 - INFO - Alarm 9: RECEIVING TERMINALS WA Restart flag - ACTIVE
2025-12-04 16:23:36,745 - INFO - Alarm 8: RECEIVING TERMINALS Power/Communications Fault - ACTIVE
2025-12-04 16:25:00,509 - INFO - Alarm 8: RECEIVING TERMINALS Power/Communications Fault - CLEARED
2025-12-04 16:25:21,711 - INFO - Alarm 3: SPM BUOY Power/Communications Fault - ACTIVE
2025-12-04 16:25:55,042 - INFO - Alarm 4: SPM BUOY WA Restart flag - CLEARED
2025-12-04 16:26:04,119 - INFO - Alarm 3: SPM BUOY Power/Communications Fault - CLEARED
2025-12-04 16:26:10,184 - INFO - Alarm 10: RECEIVING TERMINALS GPS Fault - ACTIVE
2025-12-04 16:26:19,263 - INFO - Alarm 11: RECEIVING TERMINALS Sensor A fault - CLEARED
2025-12-04 16:27:40,181 - INFO - Alarm 3: SPM BUOY Power/Communications Fault - ACTIVE
2025-12-04 16:27:55,386 - INFO - Alarm 5: SPM BUOY GPS Fault - ACTIVE
2025-12-04 16:28:27,812 - INFO - Alarm 4: SPM BUOY WA Restart flag - ACTIVE
2025-12-04 16:28:55,130 - INFO - Alarm 5: SPM BUOY GPS Fault - CLEARED
2025-12-04 16:29:01,209 - INFO - Alarm 9: RECEIVING TERMINALS WA Restart flag - CLEARED
2025-12-04 16:29:10,330 - INFO - Alarm 10: RECEIVING TERMINALS GPS Fault - CLEARED
2025-12-04 16:30:01,950 - INFO - Alarm 6: SPM BUOY Sensor A fault - ACTIVE
2025-12-04 16:30:58,634 - INFO - Alarm 8: RECEIVING TERMINALS Power/Communications Fault - ACTIVE
2025-12-04 16:31:47,268 - INFO - Alarm 9: RECEIVING TERMINALS WA Restart flag - ACTIVE
2025-12-04 16:33:29,505 - INFO - Alarm 10: RECEIVING TERMINALS GPS Fault - ACTIVE
2025-12-04 16:34:07,948 - INFO - Alarm 6: SPM BUOY Sensor A fault - CLEARED
2025-12-04 16:34:23,154 - INFO - Alarm 11: RECEIVING TERMINALS Sensor A fault - ACTIVE
2025-12-04 16:34:29,237 - INFO - Alarm 6: SPM BUOY Sensor A fault - ACTIVE
2025-12-04 16:35:05,714 - INFO - Alarm 4: SPM BUOY WA Restart flag - CLEARED
2025-12-04 16:35:16,861 - INFO - Alarm 5: SPM BUOY GPS Fault - ACTIVE
2025-12-04 16:35:59,378 - INFO - Alarm 8: RECEIVING TERMINALS Power/Communications Fault - CLEARED
2025-12-04 16:36:02,422 - INFO - Alarm 6: SPM BUOY Sensor A fault - CLEARED
2025-12-04 16:36:11,551 - INFO - Alarm 5: SPM BUOY GPS Fault - CLEARED
2025-12-04 16:37:32,278 - INFO - Alarm 5: SPM BUOY GPS Fault - ACTIVE
2025-12-04 16:37:38,353 - INFO - Alarm 11: RECEIVING TERMINALS Sensor A fault - CLEARED
2025-12-04 16:38:41,931 - INFO - Alarm 8: RECEIVING TERMINALS Power/Communications Fault - ACTIVE
2025-12-04 16:39:47,507 - INFO - Alarm 9: RECEIVING TERMINALS WA Restart flag - CLEARED
2025-12-04 16:40:26,867 - INFO - Alarm 5: SPM BUOY GPS Fault - CLEARED
2025-12-04 16:40:51,087 - INFO - Alarm 8: RECEIVING TERMINALS Power/Communications Fault - CLEARED
2025-12-04 16:41:56,653 - INFO - Alarm 6: SPM BUOY Sensor A fault - ACTIVE
2025-12-04 16:42:57,159 - INFO - Alarm 10: RECEIVING TERMINALS GPS Fault - CLEARED
2025-12-04 16:43:03,218 - INFO - Alarm 11: RECEIVING TERMINALS Sensor A fault - ACTIVE
2025-12-04 16:43:21,379 - INFO - Alarm 4: SPM BUOY WA Restart flag - ACTIVE
2025-12-04 16:44:54,208 - INFO - Alarm 5: SPM BUOY GPS Fault - ACTIVE
2025-12-04 16:44:57,241 - INFO - Alarm 9: RECEIVING TERMINALS WA Restart flag - ACTIVE
2025-12-04 16:45:21,440 - INFO - Alarm 4: SPM BUOY WA Restart flag - CLEARED
2025-12-04 16:46:02,809 - INFO - Alarm 4: SPM BUOY WA Restart flag - ACTIVE
2025-12-04 16:46:08,862 - INFO - Alarm 6: SPM BUOY Sensor A fault - CLEARED
2025-12-04 16:47:42,677 - INFO - Alarm 10: RECEIVING TERMINALS GPS Fault - ACTIVE
2025-12-04 16:48:45,196 - INFO - Alarm 9: RECEIVING TERMINALS WA Restart flag - CLEARED
2025-12-04 16:49:06,381 - INFO - Alarm 3: SPM BUOY Power/Communications Fault - CLEARED
2025-12-04 16:49:36,651 - INFO - Alarm 11: RECEIVING TERMINALS Sensor A fault - CLEARED
2025-12-04 16:49:39,683 - INFO - Alarm 9: RECEIVING TERMINALS WA Restart flag - ACTIVE
2025-12-04 16:49:48,765 - INFO - Alarm 9: RECEIVING TERMINALS WA Restart flag - CLEARED
2025-12-04 16:51:03,425 - INFO - Alarm 6: SPM BUOY Sensor A fault - ACTIVE
2025-12-04 16:51:21,599 - INFO - Alarm 4: SPM BUOY WA Restart flag - CLEARED
2025-12-04 16:52:00,973 - INFO - Alarm 6: SPM BUOY Sensor A fault - CLEARED
2025-12-04 16:52:07,028 - INFO - Alarm 6: SPM BUOY Sensor A fault - ACTIVE
2025-12-04 16:53:30,790 - INFO - Alarm 8: RECEIVING TERMINALS Power/Communications Fault - ACTIVE
2025-12-04 16:53:51,977 - INFO - Alarm 6: SPM BUOY Sensor A fault - CLEARED
2025-12-04 16:54:04,090 - INFO - Alarm 3: SPM BUOY Power/Communications Fault - ACTIVE
2025-12-04 16:54:45,481 - INFO - Alarm 10: RECEIVING TERMINALS GPS Fault - CLEARED
2025-12-04 16:54:51,537 - INFO - Alarm 8: RECEIVING TERMINALS Power/Communications Fault - CLEARED
2025-12-04 16:55:12,733 - INFO - Alarm 9: RECEIVING TERMINALS WA Restart flag - ACTIVE
2025-12-04 16:55:43,001 - INFO - Alarm 4: SPM BUOY WA Restart flag - ACTIVE
2025-12-04 16:56:10,230 - INFO - Alarm 11: RECEIVING TERMINALS Sensor A fault - ACTIVE
2025-12-04 16:56:25,382 - INFO - Alarm 3: SPM BUOY Power/Communications Fault - CLEARED
2025-12-04 16:57:24,900 - INFO - Alarm 4: SPM BUOY WA Restart flag - CLEARED
2025-12-04 16:57:43,065 - INFO - Alarm 9: RECEIVING TERMINALS WA Restart flag - CLEARED
2025-12-04 16:59:06,797 - INFO - Alarm 3: SPM BUOY Power/Communications Fault - ACTIVE
2025-12-04 16:59:27,966 - INFO - Alarm 9: RECEIVING TERMINALS WA Restart flag - ACTIVE
2025-12-04 16:59:49,157 - INFO - Alarm 10: RECEIVING TERMINALS GPS Fault - ACTIVE
2025-12-04 17:00:19,420 - INFO - Alarm 9: RECEIVING TERMINALS WA Restart flag - CLEARED
2025-12-04 17:00:31,529 - INFO - Alarm 3: SPM BUOY Power/Communications Fault - CLEARED
2025-12-04 17:01:03,823 - INFO - Alarm 8: RECEIVING TERMINALS Power/Communications Fault - ACTIVE
2025-12-04 17:01:06,849 - INFO - Alarm 3: SPM BUOY Power/Communications Fault - ACTIVE
2025-12-04 17:01:46,184 - INFO - Alarm 9: RECEIVING TERMINALS WA Restart flag - ACTIVE
2025-12-04 17:01:49,216 - INFO - Alarm 9: RECEIVING TERMINALS WA Restart flag - CLEARED
2025-12-04 17:02:16,456 - INFO - Alarm 5: SPM BUOY GPS Fault - CLEARED
2025-12-04 17:02:25,534 - INFO - Alarm 6: SPM BUOY Sensor A fault - ACTIVE
2025-12-04 17:02:43,698 - INFO - Alarm 5: SPM BUOY GPS Fault - ACTIVE
2025-12-04 17:04:16,501 - INFO - Alarm 9: RECEIVING TERMINALS WA Restart flag - ACTIVE
2025-12-04 17:04:22,560 - INFO - Alarm 6: SPM BUOY Sensor A fault - CLEARED
2025-12-04 17:04:25,591 - INFO - Alarm 8: RECEIVING TERMINALS Power/Communications Fault - CLEARED
2025-12-04 17:04:34,672 - INFO - Alarm 3: SPM BUOY Power/Communications Fault - CLEARED
2025-12-04 17:04:43,750 - INFO - Alarm 5: SPM BUOY GPS Fault - CLEARED
2025-12-04 17:04:49,807 - INFO - Alarm 8: RECEIVING TERMINALS Power/Communications Fault - ACTIVE
2025-12-04 17:04:58,884 - INFO - Alarm 5: SPM BUOY GPS Fault - ACTIVE
2025-12-04 17:05:22,087 - INFO - Alarm 11: RECEIVING TERMINALS Sensor A fault - CLEARED
2025-12-04 17:06:49,864 - INFO - Alarm 10: RECEIVING TERMINALS GPS Fault - CLEARED
2025-12-04 17:07:37,275 - INFO - Alarm 10: RECEIVING TERMINALS GPS Fault - ACTIVE
2025-12-04 17:07:58,461 - INFO - Alarm 6: SPM BUOY Sensor A fault - ACTIVE
2025-12-04 17:08:04,510 - INFO - Alarm 3: SPM BUOY Power/Communications Fault - ACTIVE
2025-12-04 17:08:13,590 - INFO - Alarm 9: RECEIVING TERMINALS WA Restart flag - CLEARED
2025-12-04 17:08:16,618 - INFO - Alarm 5: SPM BUOY GPS Fault - CLEARED
2025-12-04 17:08:34,769 - INFO - Alarm 10: RECEIVING TERMINALS GPS Fault - CLEARED
2025-12-04 17:08:37,801 - INFO - Alarm 10: RECEIVING TERMINALS GPS Fault - ACTIVE
2025-12-04 17:08:46,875 - INFO - Alarm 4: SPM BUOY WA Restart flag - ACTIVE
2025-12-04 17:08:52,960 - INFO - Alarm 9: RECEIVING TERMINALS WA Restart flag - ACTIVE
2025-12-04 17:09:26,241 - INFO - Alarm 9: RECEIVING TERMINALS WA Restart flag - CLEARED
2025-12-04 17:09:55,502 - INFO - Alarm 4: SPM BUOY WA Restart flag - CLEARED
2025-12-04 17:10:04,582 - INFO - Alarm 5: SPM BUOY GPS Fault - ACTIVE
2025-12-04 17:10:40,889 - INFO - Alarm 6: SPM BUOY Sensor A fault - CLEARED
2025-12-04 17:10:43,917 - INFO - Alarm 3: SPM BUOY Power/Communications Fault - CLEARED
2025-12-04 17:11:05,107 - INFO - Alarm 10: RECEIVING TERMINALS GPS Fault - CLEARED
2025-12-04 17:12:53,095 - INFO - Alarm 8: RECEIVING TERMINALS Power/Communications Fault - CLEARED
2025-12-04 17:12:56,126 - INFO - Alarm 10: RECEIVING TERMINALS GPS Fault - ACTIVE
2025-12-04 17:13:20,383 - INFO - Alarm 4: SPM BUOY WA Restart flag - ACTIVE
2025-12-04 17:13:46,659 - INFO - Alarm 4: SPM BUOY WA Restart flag - CLEARED
2025-12-04 17:14:26,058 - INFO - Alarm 9: RECEIVING TERMINALS WA Restart flag - ACTIVE
2025-12-04 17:14:44,234 - INFO - Alarm 10: RECEIVING TERMINALS GPS Fault - CLEARED
2025-12-04 17:15:08,461 - INFO - Alarm 10: RECEIVING TERMINALS GPS Fault - ACTIVE
2025-12-04 17:15:11,489 - INFO - Alarm 8: RECEIVING TERMINALS Power/Communications Fault - ACTIVE
2025-12-04 17:15:14,512 - INFO - Alarm 9: RECEIVING TERMINALS WA Restart flag - CLEARED
2025-12-04 17:15:17,543 - INFO - Alarm 10: RECEIVING TERMINALS GPS Fault - CLEARED
2025-12-04 17:15:26,618 - INFO - Alarm 5: SPM BUOY GPS Fault - CLEARED
2025-12-04 17:18:11,290 - INFO - Alarm 5: SPM BUOY GPS Fault - ACTIVE
2025-12-04 17:18:47,619 - INFO - Alarm 6: SPM BUOY Sensor A fault - ACTIVE
2025-12-04 17:19:47,255 - INFO - Alarm 6: SPM BUOY Sensor A fault - CLEARED
2025-12-04 17:22:08,465 - INFO - Alarm 11: RECEIVING TERMINALS Sensor A fault - ACTIVE
2025-12-04 17:22:32,673 - INFO - Alarm 6: SPM BUOY Sensor A fault - ACTIVE
2025-12-04 17:23:27,136 - INFO - Alarm 4: SPM BUOY WA Restart flag - ACTIVE
2025-12-04 17:23:33,203 - INFO - Alarm 11: RECEIVING TERMINALS Sensor A fault - CLEARED
2025-12-04 17:24:44,859 - INFO - Alarm 8: RECEIVING TERMINALS Power/Communications Fault - CLEARED
2025-12-04 17:25:18,125 - INFO - Alarm 8: RECEIVING TERMINALS Power/Communications Fault - ACTIVE
2025-12-04 17:26:23,781 - INFO - Alarm 3: SPM BUOY Power/Communications Fault - ACTIVE
2025-12-04 17:26:41,981 - INFO - Alarm 3: SPM BUOY Power/Communications Fault - CLEARED
2025-12-04 17:26:48,059 - INFO - Alarm 8: RECEIVING TERMINALS Power/Communications Fault - CLEARED
2025-12-04 17:27:38,672 - INFO - Alarm 11: RECEIVING TERMINALS Sensor A fault - ACTIVE
2025-12-04 17:28:02,907 - INFO - Alarm 5: SPM BUOY GPS Fault - CLEARED
2025-12-04 17:28:51,326 - INFO - Alarm 8: RECEIVING TERMINALS Power/Communications Fault - ACTIVE
2025-12-04 17:29:00,422 - INFO - Alarm 10: RECEIVING TERMINALS GPS Fault - ACTIVE
2025-12-04 17:29:24,638 - INFO - Alarm 3: SPM BUOY Power/Communications Fault - ACTIVE
2025-12-04 17:29:50,873 - INFO - Alarm 6: SPM BUOY Sensor A fault - CLEARED
2025-12-04 17:31:21,695 - INFO - Alarm 9: RECEIVING TERMINALS WA Restart flag - ACTIVE
2025-12-04 17:31:30,788 - INFO - Alarm 3: SPM BUOY Power/Communications Fault - CLEARED
2025-12-04 17:32:06,114 - INFO - Alarm 9: RECEIVING TERMINALS WA Restart flag - CLEARED
2025-12-04 17:32:18,226 - INFO - Alarm 8: RECEIVING TERMINALS Power/Communications Fault - CLEARED
2025-12-04 17:33:15,827 - INFO - Alarm 10: RECEIVING TERMINALS GPS Fault - CLEARED
2025-12-04 17:34:06,334 - INFO - Alarm 6: SPM BUOY Sensor A fault - ACTIVE
2025-12-04 17:34:18,465 - INFO - Alarm 8: RECEIVING TERMINALS Power/Communications Fault - ACTIVE
2025-12-04 17:34:54,830 - INFO - Alarm 11: RECEIVING TERMINALS Sensor A fault - CLEARED
2025-12-04 17:35:51,358 - INFO - Alarm 9: RECEIVING TERMINALS WA Restart flag - ACTIVE
2025-12-04 17:35:57,418 - INFO - Alarm 3: SPM BUOY Power/Communications Fault - ACTIVE
2025-12-04 17:36:42,873 - INFO - Alarm 11: RECEIVING TERMINALS Sensor A fault - ACTIVE
2025-12-04 17:37:01,063 - INFO - Alarm 6: SPM BUOY Sensor A fault - CLEARED
2025-12-04 17:38:06,893 - INFO - Alarm 8: RECEIVING TERMINALS Power/Communications Fault - CLEARED
2025-12-04 17:38:25,157 - INFO - Alarm 10: RECEIVING TERMINALS GPS Fault - ACTIVE
2025-12-04 17:38:40,375 - INFO - Alarm 3: SPM BUOY Power/Communications Fault - CLEARED
2025-12-04 17:38:52,531 - INFO - Alarm 9: RECEIVING TERMINALS WA Restart flag - CLEARED
2025-12-04 17:39:00,653 - INFO - Alarm 6: SPM BUOY Sensor A fault - ACTIVE
2025-12-04 17:39:34,121 - INFO - Alarm 9: RECEIVING TERMINALS WA Restart flag - ACTIVE
2025-12-04 17:41:01,206 - INFO - Alarm 5: SPM BUOY GPS Fault - ACTIVE
2025-12-04 17:41:37,672 - INFO - Alarm 9: RECEIVING TERMINALS WA Restart flag - CLEARED
2025-12-04 17:42:10,060 - INFO - Alarm 8: RECEIVING TERMINALS Power/Communications Fault - ACTIVE
2025-12-04 17:42:22,230 - INFO - Alarm 10: RECEIVING TERMINALS GPS Fault - CLEARED
2025-12-04 17:42:28,319 - INFO - Alarm 8: RECEIVING TERMINALS Power/Communications Fault - CLEARED
2025-12-04 17:43:07,851 - INFO - Alarm 8: RECEIVING TERMINALS Power/Communications Fault - ACTIVE
2025-12-04 17:43:41,281 - INFO - Alarm 10: RECEIVING TERMINALS GPS Fault - ACTIVE
2025-12-04 17:44:49,945 - INFO - Alarm 9: RECEIVING TERMINALS WA Restart flag - ACTIVE
2025-12-04 17:45:20,199 - INFO - Alarm 10: RECEIVING TERMINALS GPS Fault - CLEARED
2025-12-04 17:45:44,401 - INFO - Alarm 10: RECEIVING TERMINALS GPS Fault - ACTIVE
2025-12-04 17:45:47,429 - INFO - Alarm 4: SPM BUOY WA Restart flag - CLEARED
2025-12-04 17:45:58,530 - INFO - Alarm 4: SPM BUOY WA Restart flag - ACTIVE
2025-12-04 17:46:31,801 - INFO - Alarm 6: SPM BUOY Sensor A fault - CLEARED
2025-12-04 17:46:34,830 - INFO - Alarm 5: SPM BUOY GPS Fault - CLEARED
2025-12-04 17:46:37,862 - INFO - Alarm 6: SPM BUOY Sensor A fault - ACTIVE
2025-12-04 17:46:43,923 - INFO - Alarm 9: RECEIVING TERMINALS WA Restart flag - CLEARED
2025-12-04 17:46:46,948 - INFO - Alarm 4: SPM BUOY WA Restart flag - CLEARED
2025-12-04 17:47:02,083 - INFO - Alarm 9: RECEIVING TERMINALS WA Restart flag - ACTIVE
2025-12-04 17:47:29,329 - INFO - Alarm 10: RECEIVING TERMINALS GPS Fault - CLEARED
2025-12-04 17:47:59,577 - INFO - Alarm 4: SPM BUOY WA Restart flag - ACTIVE
2025-12-04 17:49:08,147 - INFO - Alarm 11: RECEIVING TERMINALS Sensor A fault - CLEARED
2025-12-04 17:49:29,327 - INFO - Alarm 6: SPM BUOY Sensor A fault - CLEARED
2025-12-04 17:49:47,480 - INFO - Alarm 11: RECEIVING TERMINALS Sensor A fault - ACTIVE
2025-12-04 17:50:53,031 - INFO - Alarm 11: RECEIVING TERMINALS Sensor A fault - CLEARED
2025-12-04 17:51:17,255 - INFO - Alarm 4: SPM BUOY WA Restart flag - CLEARED
2025-12-04 17:51:29,363 - INFO - Alarm 6: SPM BUOY Sensor A fault - ACTIVE
2025-12-04 17:51:50,548 - INFO - Alarm 10: RECEIVING TERMINALS GPS Fault - ACTIVE
2025-12-04 17:52:08,704 - INFO - Alarm 10: RECEIVING TERMINALS GPS Fault - CLEARED
2025-12-04 17:52:14,754 - INFO - Alarm 11: RECEIVING TERMINALS Sensor A fault - ACTIVE
2025-12-04 17:54:20,788 - INFO - Alarm 5: SPM BUOY GPS Fault - ACTIVE
2025-12-04 17:54:54,090 - INFO - Alarm 6: SPM BUOY Sensor A fault - CLEARED
2025-12-04 17:55:44,526 - INFO - Alarm 5: SPM BUOY GPS Fault - CLEARED
2025-12-04 17:55:53,600 - INFO - Alarm 4: SPM BUOY WA Restart flag - ACTIVE
2025-12-04 17:55:56,628 - INFO - Alarm 4: SPM BUOY WA Restart flag - CLEARED
2025-12-04 17:57:17,293 - INFO - Alarm 3: SPM BUOY Power/Communications Fault - ACTIVE
2025-12-04 17:57:44,520 - INFO - Alarm 4: SPM BUOY WA Restart flag - ACTIVE
2025-12-04 17:58:11,755 - INFO - Alarm 8: RECEIVING TERMINALS Power/Communications Fault - CLEARED
2025-12-04 17:58:48,070 - INFO - Alarm 5: SPM BUOY GPS Fault - ACTIVE
2025-12-04 17:58:51,099 - INFO - Alarm 8: RECEIVING TERMINALS Power/Communications Fault - ACTIVE
2025-12-04 18:00:02,690 - INFO - Alarm 8: RECEIVING TERMINALS Power/Communications Fault - CLEARED
2025-12-04 18:00:51,098 - INFO - Alarm 11: RECEIVING TERMINALS Sensor A fault - CLEARED
2025-12-04 18:01:09,257 - INFO - Alarm 4: SPM BUOY WA Restart flag - CLEARED
2025-12-04 18:01:12,289 - INFO - Alarm 10: RECEIVING TERMINALS GPS Fault - ACTIVE
2025-12-04 18:01:18,341 - INFO - Alarm 4: SPM BUOY WA Restart flag - ACTIVE
2025-12-04 18:02:14,820 - INFO - Alarm 6: SPM BUOY Sensor A fault - ACTIVE
2025-12-04 18:02:26,922 - INFO - Alarm 3: SPM BUOY Power/Communications Fault - CLEARED
2025-12-04 18:02:42,061 - INFO - Alarm 4: SPM BUOY WA Restart flag - CLEARED
2025-12-04 18:02:51,146 - INFO - Alarm 5: SPM BUOY GPS Fault - CLEARED
2025-12-04 18:04:02,764 - INFO - Alarm 8: RECEIVING TERMINALS Power/Communications Fault - ACTIVE
2025-12-04 18:05:06,297 - INFO - Alarm 3: SPM BUOY Power/Communications Fault - ACTIVE
2025-12-04 18:05:51,675 - INFO - Alarm 9: RECEIVING TERMINALS WA Restart flag - CLEARED
2025-12-04 18:06:14,879 - INFO - Alarm 6: SPM BUOY Sensor A fault - CLEARED
2025-12-04 18:06:23,960 - INFO - Alarm 11: RECEIVING TERMINALS Sensor A fault - ACTIVE
2025-12-04 18:07:30,510 - INFO - Alarm 11: RECEIVING TERMINALS Sensor A fault - CLEARED
2025-12-04 18:07:45,650 - INFO - Alarm 10: RECEIVING TERMINALS GPS Fault - CLEARED
2025-12-04 18:08:03,813 - INFO - Alarm 8: RECEIVING TERMINALS Power/Communications Fault - CLEARED
2025-12-04 18:08:12,903 - INFO - Alarm 9: RECEIVING TERMINALS WA Restart flag - ACTIVE
2025-12-04 18:08:18,958 - INFO - Alarm 5: SPM BUOY GPS Fault - ACTIVE
2025-12-04 18:09:21,482 - INFO - Alarm 6: SPM BUOY Sensor A fault - ACTIVE
2025-12-04 18:10:03,862 - INFO - Alarm 9: RECEIVING TERMINALS WA Restart flag - CLEARED
2025-12-04 18:10:06,893 - INFO - Alarm 9: RECEIVING TERMINALS WA Restart flag - ACTIVE
2025-12-04 18:10:25,063 - INFO - Alarm 6: SPM BUOY Sensor A fault - CLEARED
2025-12-04 18:10:48,293 - INFO - Alarm 5: SPM BUOY GPS Fault - CLEARED
2025-12-04 18:11:15,557 - INFO - Alarm 6: SPM BUOY Sensor A fault - ACTIVE
2025-12-04 18:11:57,919 - INFO - Alarm 10: RECEIVING TERMINALS GPS Fault - ACTIVE
2025-12-04 18:12:07,000 - INFO - Alarm 4: SPM BUOY WA Restart flag - ACTIVE
2025-12-04 18:12:51,375 - INFO - Alarm 4: SPM BUOY WA Restart flag - CLEARED
2025-12-04 18:14:22,166 - INFO - Alarm 11: RECEIVING TERMINALS Sensor A fault - ACTIVE
2025-12-04 18:15:27,754 - INFO - Alarm 8: RECEIVING TERMINALS Power/Communications Fault - ACTIVE
2025-12-04 18:15:42,888 - INFO - Alarm 3: SPM BUOY Power/Communications Fault - CLEARED
2025-12-04 18:16:01,042 - INFO - Alarm 9: RECEIVING TERMINALS WA Restart flag - CLEARED
2025-12-04 18:16:34,313 - INFO - Alarm 6: SPM BUOY Sensor A fault - CLEARED
2025-12-04 18:17:15,673 - INFO - Alarm 8: RECEIVING TERMINALS Power/Communications Fault - CLEARED
2025-12-04 18:17:27,782 - INFO - Alarm 6: SPM BUOY Sensor A fault - ACTIVE
2025-12-04 18:17:52,023 - INFO - Alarm 9: RECEIVING TERMINALS WA Restart flag - ACTIVE
2025-12-04 18:20:43,568 - INFO - Alarm 10: RECEIVING TERMINALS GPS Fault - CLEARED
2025-12-04 18:22:04,359 - INFO - Alarm 6: SPM BUOY Sensor A fault - CLEARED
2025-12-04 18:22:13,453 - INFO - Alarm 8: RECEIVING TERMINALS Power/Communications Fault - ACTIVE
2025-12-04 18:22:40,756 - INFO - Alarm 5: SPM BUOY GPS Fault - ACTIVE
2025-12-04 18:22:46,809 - INFO - Alarm 6: SPM BUOY Sensor A fault - ACTIVE
2025-12-04 18:22:58,950 - INFO - Alarm 3: SPM BUOY Power/Communications Fault - ACTIVE
2025-12-04 18:23:37,349 - INFO - Alarm 6: SPM BUOY Sensor A fault - CLEARED
2025-12-04 18:23:55,538 - INFO - Alarm 9: RECEIVING TERMINALS WA Restart flag - CLEARED
2025-12-04 18:24:07,646 - INFO - Alarm 4: SPM BUOY WA Restart flag - ACTIVE
2025-12-04 18:24:16,732 - INFO - Alarm 9: RECEIVING TERMINALS WA Restart flag - ACTIVE
2025-12-04 18:26:10,830 - INFO - Alarm 3: SPM BUOY Power/Communications Fault - CLEARED
2025-12-04 18:26:44,174 - INFO - Alarm 6: SPM BUOY Sensor A fault - ACTIVE
2025-12-04 18:26:56,302 - INFO - Alarm 5: SPM BUOY GPS Fault - CLEARED
2025-12-04 18:27:04,399 - INFO - Alarm 6: SPM BUOY Sensor A fault - CLEARED
2025-12-04 18:27:59,658 - INFO - Alarm 5: SPM BUOY GPS Fault - ACTIVE
2025-12-04 18:30:00,669 - INFO - Alarm 4: SPM BUOY WA Restart flag - CLEARED
2025-12-04 18:30:03,735 - INFO - Alarm 10: RECEIVING TERMINALS GPS Fault - ACTIVE
2025-12-04 18:31:53,389 - INFO - Alarm 4: SPM BUOY WA Restart flag - ACTIVE
2025-12-04 18:31:56,446 - INFO - Alarm 9: RECEIVING TERMINALS WA Restart flag - CLEARED
2025-12-04 18:47:39,449 - INFO - Alarm 11: RECEIVING TERMINALS Sensor A fault - CLEARED
2025-12-04 18:48:36,250 - INFO - Alarm 9: RECEIVING TERMINALS WA Restart flag - ACTIVE
2025-12-04 18:48:39,302 - INFO - Alarm 10: RECEIVING TERMINALS GPS Fault - CLEARED
2025-12-04 18:48:48,417 - INFO - Alarm 8: RECEIVING TERMINALS Power/Communications Fault - CLEARED
2025-12-04 18:49:00,568 - INFO - Alarm 4: SPM BUOY WA Restart flag - CLEARED
2025-12-04 18:49:06,653 - INFO - Alarm 10: RECEIVING TERMINALS GPS Fault - ACTIVE
2025-12-04 18:49:43,138 - INFO - Alarm 3: SPM BUOY Power/Communications Fault - ACTIVE
2025-12-04 18:50:24,724 - INFO - Alarm 9: RECEIVING TERMINALS WA Restart flag - CLEARED
2025-12-04 18:50:39,930 - INFO - Alarm 8: RECEIVING TERMINALS Power/Communications Fault - ACTIVE
2025-12-04 18:50:46,020 - INFO - Alarm 8: RECEIVING TERMINALS Power/Communications Fault - CLEARED
2025-12-04 18:51:42,807 - INFO - Alarm 11: RECEIVING TERMINALS Sensor A fault - ACTIVE
2025-12-04 18:52:16,265 - INFO - Alarm 6: SPM BUOY Sensor A fault - ACTIVE
2025-12-04 18:53:28,149 - INFO - Alarm 4: SPM BUOY WA Restart flag - ACTIVE
2025-12-04 18:53:52,415 - INFO - Alarm 9: RECEIVING TERMINALS WA Restart flag - ACTIVE
2025-12-04 18:54:55,076 - INFO - Alarm 10: RECEIVING TERMINALS GPS Fault - CLEARED
2025-12-04 18:55:13,264 - INFO - Alarm 6: SPM BUOY Sensor A fault - CLEARED
2025-12-04 18:55:37,513 - INFO - Alarm 5: SPM BUOY GPS Fault - CLEARED
2025-12-04 18:56:04,802 - INFO - Alarm 3: SPM BUOY Power/Communications Fault - CLEARED
2025-12-04 18:57:25,605 - INFO - Alarm 11: RECEIVING TERMINALS Sensor A fault - CLEARED
2025-12-04 18:58:08,061 - INFO - Alarm 4: SPM BUOY WA Restart flag - CLEARED
2025-12-04 18:58:58,591 - INFO - Alarm 9: RECEIVING TERMINALS WA Restart flag - CLEARED
2025-12-04 18:59:07,673 - INFO - Alarm 5: SPM BUOY GPS Fault - ACTIVE
2025-12-04 18:59:28,975 - INFO - Alarm 9: RECEIVING TERMINALS WA Restart flag - ACTIVE
2025-12-04 19:00:28,899 - INFO - Alarm 10: RECEIVING TERMINALS GPS Fault - ACTIVE
2025-12-04 19:00:41,083 - INFO - Alarm 3: SPM BUOY Power/Communications Fault - ACTIVE
2025-12-04 19:00:44,131 - INFO - Alarm 5: SPM BUOY GPS Fault - CLEARED
2025-12-04 19:01:05,455 - INFO - Alarm 5: SPM BUOY GPS Fault - ACTIVE
2025-12-04 19:17:00,851 - INFO - Alarm 9: RECEIVING TERMINALS WA Restart flag - CLEARED
2025-12-04 19:32:23,694 - INFO - Alarm 9: RECEIVING TERMINALS WA Restart flag - ACTIVE
2025-12-04 19:32:47,058 - INFO - Alarm 11: RECEIVING TERMINALS Sensor A fault - ACTIVE
2025-12-04 19:33:11,423 - INFO - Alarm 3: SPM BUOY Power/Communications Fault - CLEARED
2025-12-04 19:33:23,607 - INFO - Alarm 10: RECEIVING TERMINALS GPS Fault - CLEARED
2025-12-04 19:49:03,668 - INFO - Alarm 5: SPM BUOY GPS Fault - CLEARED
2025-12-04 19:49:12,805 - INFO - Alarm 11: RECEIVING TERMINALS Sensor A fault - CLEARED
2025-12-04 19:49:18,907 - INFO - Alarm 11: RECEIVING TERMINALS Sensor A fault - ACTIVE
2025-12-04 20:21:26,778 - INFO - Alarm 4: SPM BUOY WA Restart flag - ACTIVE
2025-12-04 20:28:13,240 - INFO - Alarm 11: RECEIVING TERMINALS Sensor A fault - CLEARED
2025-12-04 20:28:22,379 - INFO - Alarm 6: SPM BUOY Sensor A fault - ACTIVE
2025-12-04 20:28:36,599 - INFO - Alarm 8: RECEIVING TERMINALS Power/Communications Fault - ACTIVE
2025-12-04 20:44:32,180 - INFO - Alarm 4: SPM BUOY WA Restart flag - CLEARED
2025-12-04 20:44:55,516 - INFO - Alarm 6: SPM BUOY Sensor A fault - CLEARED
2025-12-04 21:00:53,902 - INFO - Alarm 5: SPM BUOY GPS Fault - ACTIVE
2025-12-04 21:00:56,954 - INFO - Alarm 3: SPM BUOY Power/Communications Fault - ACTIVE
2025-12-04 21:16:36,269 - INFO - Alarm 9: RECEIVING TERMINALS WA Restart flag - CLEARED
2025-12-04 21:16:51,499 - INFO - Alarm 10: RECEIVING TERMINALS GPS Fault - ACTIVE
2025-12-04 21:16:57,598 - INFO - Alarm 6: SPM BUOY Sensor A fault - ACTIVE
2025-12-04 21:45:43,120 - INFO - Alarm 9: RECEIVING TERMINALS WA Restart flag - ACTIVE
2025-12-04 21:46:13,543 - INFO - Alarm 9: RECEIVING TERMINALS WA Restart flag - CLEARED
2025-12-04 22:18:12,330 - INFO - Alarm 3: SPM BUOY Power/Communications Fault - CLEARED
2025-12-04 22:18:21,486 - INFO - Alarm 9: RECEIVING TERMINALS WA Restart flag - ACTIVE
2025-12-04 22:18:35,701 - INFO - Alarm 4: SPM BUOY WA Restart flag - ACTIVE
2025-12-04 22:18:41,791 - INFO - Alarm 9: RECEIVING TERMINALS WA Restart flag - CLEARED
2025-12-04 22:30:20,773 - INFO - Alarm 11: RECEIVING TERMINALS Sensor A fault - ACTIVE
2025-12-04 22:30:51,258 - INFO - Alarm 11: RECEIVING TERMINALS Sensor A fault - CLEARED
2025-12-04 22:46:19,440 - INFO - Alarm 6: SPM BUOY Sensor A fault - CLEARED
2025-12-04 22:46:54,981 - INFO - Alarm 9: RECEIVING TERMINALS WA Restart flag - ACTIVE
2025-12-04 23:02:42,256 - INFO - Alarm 4: SPM BUOY WA Restart flag - CLEARED
2025-12-04 23:02:51,400 - INFO - Alarm 5: SPM BUOY GPS Fault - CLEARED
2025-12-04 23:18:40,631 - INFO - Alarm 10: RECEIVING TERMINALS GPS Fault - CLEARED
2025-12-04 23:31:09,060 - INFO - Alarm 10: RECEIVING TERMINALS GPS Fault - ACTIVE
2025-12-04 23:31:15,157 - INFO - Alarm 3: SPM BUOY Power/Communications Fault - ACTIVE
2025-12-04 23:47:30,726 - INFO - Alarm 5: SPM BUOY GPS Fault - ACTIVE
2025-12-04 23:48:01,172 - INFO - Alarm 6: SPM BUOY Sensor A fault - ACTIVE
