2025-12-03 07:56:29,002 - INFO - Configuration loaded from app_config.json
2025-12-03 07:56:29,025 - INFO - Modbus Alarm Monitor initialized
2025-12-03 07:56:29,025 - INFO - Connecting to Modbus in SIM mode
2025-12-03 07:56:29,028 - INFO - Modbus connected to localhost:1502 (SIM mode)
2025-12-03 07:56:29,028 - INFO - Monitoring started
2025-12-03 07:56:29,028 - INFO - Alarm monitoring started
2025-12-03 07:57:16,477 - INFO - Alarm 6: SPM BUOY Sensor A fault - ACTIVE
2025-12-03 07:57:57,897 - INFO - Alarm 4: SPM BUOY WA Restart flag - ACTIVE
2025-12-03 07:58:22,126 - INFO - Alarm 6: SPM BUOY Sensor A fault - CLEARED
2025-12-03 07:58:49,409 - INFO - Alarm 3: SPM BUOY Power/Communications Fault - ACTIVE
2025-12-03 07:59:13,625 - INFO - Alarm 10: RECEIVING TERMINALS GPS Fault - ACTIVE
2025-12-03 07:59:45,930 - INFO - Alarm 6: SPM BUOY Sensor A fault - ACTIVE
2025-12-03 08:00:43,459 - INFO - Alarm 3: SPM BUOY Power/Communications Fault - CLEARED
2025-12-03 08:01:19,838 - INFO - Alarm 4: SPM BUOY WA Restart flag - CLEARED
2025-12-03 08:01:43,091 - INFO - Alarm 5: SPM BUOY GPS Fault - ACTIVE
2025-12-03 08:03:26,159 - INFO - Alarm 9: RECEIVING TERMINALS WA Restart flag - ACTIVE
2025-12-03 08:04:10,602 - INFO - Alarm 10: RECEIVING TERMINALS GPS Fault - CLEARED
2025-12-03 08:04:47,008 - INFO - Alarm 9: RECEIVING TERMINALS WA Restart flag - CLEARED
2025-12-03 08:05:02,177 - INFO - Alarm 8: RECEIVING TERMINALS Power/Communications Fault - ACTIVE
2025-12-03 08:06:59,342 - INFO - Alarm 10: RECEIVING TERMINALS GPS Fault - ACTIVE
2025-12-03 08:07:46,814 - INFO - Alarm 9: RECEIVING TERMINALS WA Restart flag - ACTIVE
2025-12-03 08:07:55,898 - INFO - Alarm 11: RECEIVING TERMINALS Sensor A fault - ACTIVE
2025-12-03 08:08:01,965 - INFO - Alarm 3: SPM BUOY Power/Communications Fault - ACTIVE
2025-12-03 08:08:23,188 - INFO - Alarm 3: SPM BUOY Power/Communications Fault - CLEARED
2025-12-03 08:08:29,258 - INFO - Alarm 6: SPM BUOY Sensor A fault - CLEARED
2025-12-03 08:08:44,419 - INFO - Alarm 5: SPM BUOY GPS Fault - CLEARED
2025-12-03 08:09:04,627 - INFO - Alarm 11: RECEIVING TERMINALS Sensor A fault - CLEARED
2025-12-03 08:09:31,876 - INFO - Alarm 4: SPM BUOY WA Restart flag - ACTIVE
2025-12-03 08:10:11,272 - INFO - Alarm 4: SPM BUOY WA Restart flag - CLEARED
2025-12-03 08:10:20,362 - INFO - Alarm 10: RECEIVING TERMINALS GPS Fault - CLEARED
2025-12-03 08:10:29,455 - INFO - Alarm 4: SPM BUOY WA Restart flag - ACTIVE
2025-12-03 08:10:41,584 - INFO - Alarm 5: SPM BUOY GPS Fault - ACTIVE
2025-12-03 08:10:55,740 - INFO - Alarm 4: SPM BUOY WA Restart flag - CLEARED
2025-12-03 08:12:14,573 - INFO - Alarm monitoring stopped
2025-12-03 08:12:14,575 - WARNING - Monitor is not running
2025-12-03 08:18:05,386 - INFO - Configuration loaded from app_config.json
2025-12-03 08:18:05,423 - INFO - Modbus Alarm Monitor initialized
2025-12-03 08:18:05,423 - INFO - Connecting to Modbus in SIM mode
2025-12-03 08:18:05,429 - INFO - Modbus connected to localhost:1502 (SIM mode)
2025-12-03 08:18:05,429 - INFO - Monitoring started
2025-12-03 08:18:05,429 - INFO - Alarm monitoring started
2025-12-03 08:18:19,567 - INFO - Alarm 3: SPM BUOY Power/Communications Fault - ACTIVE
2025-12-03 08:18:40,800 - INFO - Alarm 8: RECEIVING TERMINALS Power/Communications Fault - ACTIVE
2025-12-03 08:19:07,087 - INFO - Alarm 8: RECEIVING TERMINALS Power/Communications Fault - CLEARED
2025-12-03 08:19:31,359 - INFO - Alarm 9: RECEIVING TERMINALS WA Restart flag - ACTIVE
2025-12-03 08:20:07,747 - INFO - Alarm 4: SPM BUOY WA Restart flag - ACTIVE
2025-12-03 08:20:16,858 - INFO - Alarm 3: SPM BUOY Power/Communications Fault - CLEARED
2025-12-03 08:20:40,093 - INFO - Alarm 5: SPM BUOY GPS Fault - ACTIVE
2025-12-03 08:20:43,133 - INFO - Alarm 5: SPM BUOY GPS Fault - CLEARED
2025-12-03 08:20:46,176 - INFO - Alarm 8: RECEIVING TERMINALS Power/Communications Fault - ACTIVE
2025-12-03 08:21:31,659 - INFO - Alarm 4: SPM BUOY WA Restart flag - CLEARED
2025-12-03 08:21:34,699 - INFO - Alarm 9: RECEIVING TERMINALS WA Restart flag - CLEARED
2025-12-03 08:22:19,165 - INFO - Alarm 10: RECEIVING TERMINALS GPS Fault - ACTIVE
2025-12-03 08:22:40,401 - INFO - Alarm 8: RECEIVING TERMINALS Power/Communications Fault - CLEARED
2025-12-03 08:23:44,091 - INFO - Alarm 3: SPM BUOY Power/Communications Fault - ACTIVE
2025-12-03 08:23:52,185 - INFO - Alarm 9: RECEIVING TERMINALS WA Restart flag - ACTIVE
2025-12-03 08:23:58,258 - INFO - Alarm 11: RECEIVING TERMINALS Sensor A fault - ACTIVE
2025-12-03 08:25:29,255 - INFO - Alarm 10: RECEIVING TERMINALS GPS Fault - CLEARED
2025-12-03 08:25:43,470 - INFO - Alarm 3: SPM BUOY Power/Communications Fault - CLEARED
2025-12-03 08:25:58,676 - INFO - Alarm 8: RECEIVING TERMINALS Power/Communications Fault - ACTIVE
2025-12-03 08:26:52,482 - INFO - Alarm 8: RECEIVING TERMINALS Power/Communications Fault - CLEARED
2025-12-03 08:27:01,624 - INFO - Alarm 5: SPM BUOY GPS Fault - ACTIVE
2025-12-03 08:27:19,901 - INFO - Alarm 11: RECEIVING TERMINALS Sensor A fault - CLEARED
2025-12-03 08:27:22,949 - INFO - Alarm 6: SPM BUOY Sensor A fault - ACTIVE
2025-12-03 08:27:32,069 - INFO - Alarm 10: RECEIVING TERMINALS GPS Fault - ACTIVE
2025-12-03 08:27:38,156 - INFO - Alarm 5: SPM BUOY GPS Fault - CLEARED
2025-12-03 08:27:44,247 - INFO - Alarm 8: RECEIVING TERMINALS Power/Communications Fault - ACTIVE
2025-12-03 08:30:23,532 - INFO - Alarm 3: SPM BUOY Power/Communications Fault - ACTIVE
2025-12-03 08:30:26,582 - INFO - Alarm 8: RECEIVING TERMINALS Power/Communications Fault - CLEARED
2025-12-03 08:31:17,338 - INFO - Alarm 8: RECEIVING TERMINALS Power/Communications Fault - ACTIVE
2025-12-03 08:31:35,620 - INFO - Alarm 6: SPM BUOY Sensor A fault - CLEARED
2025-12-03 08:32:35,482 - INFO - Alarm 4: SPM BUOY WA Restart flag - ACTIVE
2025-12-03 08:33:21,102 - INFO - Alarm 6: SPM BUOY Sensor A fault - ACTIVE
2025-12-03 08:33:50,539 - INFO - Alarm 10: RECEIVING TERMINALS GPS Fault - CLEARED
2025-12-03 08:35:20,872 - INFO - Alarm 5: SPM BUOY GPS Fault - ACTIVE
2025-12-03 08:35:39,153 - INFO - Alarm 4: SPM BUOY WA Restart flag - CLEARED
2025-12-03 08:36:12,647 - INFO - Alarm 5: SPM BUOY GPS Fault - CLEARED
2025-12-03 08:36:20,764 - INFO - Alarm 6: SPM BUOY Sensor A fault - CLEARED
2025-12-03 08:37:18,581 - INFO - Alarm 9: RECEIVING TERMINALS WA Restart flag - CLEARED
2025-12-03 08:37:21,634 - INFO - Alarm 4: SPM BUOY WA Restart flag - ACTIVE
2025-12-03 08:37:24,684 - INFO - Alarm 11: RECEIVING TERMINALS Sensor A fault - ACTIVE
2025-12-03 08:37:38,908 - INFO - Alarm 11: RECEIVING TERMINALS Sensor A fault - CLEARED
2025-12-03 08:37:51,102 - INFO - Alarm 6: SPM BUOY Sensor A fault - ACTIVE
2025-12-03 08:38:06,353 - INFO - Alarm 8: RECEIVING TERMINALS Power/Communications Fault - CLEARED
2025-12-03 08:38:21,599 - INFO - Alarm 3: SPM BUOY Power/Communications Fault - CLEARED
2025-12-03 08:38:52,058 - INFO - Alarm 4: SPM BUOY WA Restart flag - CLEARED
2025-12-03 08:40:45,815 - INFO - Alarm 10: RECEIVING TERMINALS GPS Fault - ACTIVE
2025-12-03 08:40:57,990 - INFO - Alarm 11: RECEIVING TERMINALS Sensor A fault - ACTIVE
2025-12-03 08:41:10,186 - INFO - Alarm 4: SPM BUOY WA Restart flag - ACTIVE
2025-12-03 08:41:21,362 - INFO - Alarm 10: RECEIVING TERMINALS GPS Fault - CLEARED
2025-12-03 08:42:10,050 - INFO - Alarm 4: SPM BUOY WA Restart flag - CLEARED
2025-12-03 08:42:48,647 - INFO - Alarm 8: RECEIVING TERMINALS Power/Communications Fault - ACTIVE
2025-12-03 08:43:00,849 - INFO - Alarm 10: RECEIVING TERMINALS GPS Fault - ACTIVE
2025-12-03 08:43:09,990 - INFO - Alarm 5: SPM BUOY GPS Fault - ACTIVE
2025-12-03 08:43:43,472 - INFO - Alarm 8: RECEIVING TERMINALS Power/Communications Fault - CLEARED
2025-12-03 08:43:57,707 - INFO - Alarm 6: SPM BUOY Sensor A fault - CLEARED
2025-12-03 08:44:15,986 - INFO - Alarm 6: SPM BUOY Sensor A fault - ACTIVE
2025-12-03 08:44:37,306 - INFO - Alarm 4: SPM BUOY WA Restart flag - ACTIVE
2025-12-03 08:44:55,583 - INFO - Alarm 8: RECEIVING TERMINALS Power/Communications Fault - ACTIVE
2025-12-03 08:45:07,790 - INFO - Alarm 9: RECEIVING TERMINALS WA Restart flag - ACTIVE
2025-12-03 08:45:25,053 - INFO - Alarm 8: RECEIVING TERMINALS Power/Communications Fault - CLEARED
2025-12-03 08:45:37,250 - INFO - Alarm 3: SPM BUOY Power/Communications Fault - ACTIVE
2025-12-03 08:46:04,663 - INFO - Alarm 6: SPM BUOY Sensor A fault - CLEARED
2025-12-03 08:46:46,288 - INFO - Alarm 10: RECEIVING TERMINALS GPS Fault - CLEARED
2025-12-03 08:48:25,770 - INFO - Alarm 3: SPM BUOY Power/Communications Fault - CLEARED
2025-12-03 08:48:37,948 - INFO - Alarm 11: RECEIVING TERMINALS Sensor A fault - CLEARED
2025-12-03 08:48:41,002 - INFO - Alarm 6: SPM BUOY Sensor A fault - ACTIVE
2025-12-03 08:48:44,049 - INFO - Alarm 10: RECEIVING TERMINALS GPS Fault - ACTIVE
2025-12-03 08:49:16,529 - INFO - Alarm 3: SPM BUOY Power/Communications Fault - ACTIVE
2025-12-03 08:49:25,668 - INFO - Alarm 6: SPM BUOY Sensor A fault - CLEARED
2025-12-03 08:50:02,207 - INFO - Alarm 11: RECEIVING TERMINALS Sensor A fault - ACTIVE
2025-12-03 08:50:31,610 - INFO - Alarm 4: SPM BUOY WA Restart flag - CLEARED
2025-12-03 08:50:59,014 - INFO - Alarm 5: SPM BUOY GPS Fault - CLEARED
2025-12-03 08:52:04,988 - INFO - Alarm 11: RECEIVING TERMINALS Sensor A fault - CLEARED
2025-12-03 08:55:57,361 - INFO - Alarm 6: SPM BUOY Sensor A fault - ACTIVE
2025-12-03 09:21:48,683 - INFO - Alarm 3: SPM BUOY Power/Communications Fault - CLEARED
2025-12-03 09:22:24,264 - INFO - Alarm 4: SPM BUOY WA Restart flag - ACTIVE
2025-12-03 09:22:39,410 - INFO - Alarm monitoring stopped
2025-12-03 09:22:39,412 - WARNING - Monitor is not running
2025-12-03 11:18:48,486 - INFO - Configuration loaded from app_config.json
2025-12-03 11:18:48,516 - INFO - Modbus Alarm Monitor initialized
2025-12-03 11:18:48,516 - INFO - Connecting to Modbus in SIM mode
2025-12-03 11:18:48,520 - INFO - Modbus connected to localhost:1502 (SIM mode)
2025-12-03 11:18:48,520 - INFO - Monitoring started
2025-12-03 11:18:48,520 - INFO - Alarm monitoring started
2025-12-03 11:19:01,647 - INFO - Alarm 11: RECEIVING TERMINALS Sensor A fault - ACTIVE
2025-12-03 11:19:10,747 - INFO - Alarm 9: RECEIVING TERMINALS WA Restart flag - ACTIVE
2025-12-03 11:19:59,229 - INFO - Alarm 9: RECEIVING TERMINALS WA Restart flag - CLEARED
2025-12-03 11:20:26,485 - INFO - Alarm 9: RECEIVING TERMINALS WA Restart flag - ACTIVE
2025-12-03 11:21:07,846 - INFO - Alarm 9: RECEIVING TERMINALS WA Restart flag - CLEARED
2025-12-03 11:21:16,942 - INFO - Alarm 4: SPM BUOY WA Restart flag - ACTIVE
2025-12-03 11:23:07,995 - INFO - Alarm 3: SPM BUOY Power/Communications Fault - ACTIVE
2025-12-03 11:23:20,115 - INFO - Alarm 11: RECEIVING TERMINALS Sensor A fault - CLEARED
2025-12-03 11:24:08,498 - INFO - Alarm 9: RECEIVING TERMINALS WA Restart flag - ACTIVE
2025-12-03 11:24:23,640 - INFO - Alarm 11: RECEIVING TERMINALS Sensor A fault - ACTIVE
2025-12-03 11:24:55,968 - INFO - Alarm 9: RECEIVING TERMINALS WA Restart flag - CLEARED
2025-12-03 11:25:05,054 - INFO - Alarm 3: SPM BUOY Power/Communications Fault - CLEARED
2025-12-03 11:25:38,383 - INFO - Alarm 6: SPM BUOY Sensor A fault - ACTIVE
2025-12-03 11:25:41,418 - INFO - Alarm 9: RECEIVING TERMINALS WA Restart flag - ACTIVE
2025-12-03 11:26:29,937 - INFO - Alarm 9: RECEIVING TERMINALS WA Restart flag - CLEARED
2025-12-03 11:27:05,340 - INFO - Alarm 5: SPM BUOY GPS Fault - ACTIVE
2025-12-03 11:27:26,525 - INFO - Alarm 11: RECEIVING TERMINALS Sensor A fault - CLEARED
2025-12-03 11:28:47,377 - INFO - Alarm 8: RECEIVING TERMINALS Power/Communications Fault - ACTIVE
2025-12-03 11:29:41,826 - INFO - Alarm 4: SPM BUOY WA Restart flag - CLEARED
2025-12-03 11:29:55,955 - INFO - Alarm monitoring stopped
2025-12-03 11:29:55,956 - WARNING - Monitor is not running
2025-12-03 11:29:57,506 - INFO - Configuration loaded from app_config.json
2025-12-03 11:29:57,534 - INFO - Modbus Alarm Monitor initialized
2025-12-03 11:29:57,534 - INFO - Connecting to Modbus in REAL mode
2025-12-03 11:30:00,542 - ERROR - Failed to connect to Modbus server
2025-12-03 11:30:00,543 - ERROR - Cannot start monitoring - Modbus connection failed
2025-12-03 11:30:11,094 - WARNING - Monitor is not running
2025-12-03 11:30:11,094 - WARNING - Monitor is not running
2025-12-03 11:30:18,135 - INFO - Configuration loaded from app_config.json
2025-12-03 11:30:18,160 - INFO - Modbus Alarm Monitor initialized
2025-12-03 11:30:18,160 - INFO - Connecting to Modbus in SIM mode
2025-12-03 11:30:18,163 - INFO - Modbus connected to localhost:1502 (SIM mode)
2025-12-03 11:30:18,163 - INFO - Monitoring started
2025-12-03 11:30:18,163 - INFO - Alarm monitoring started
2025-12-03 11:30:18,166 - INFO - Alarm 5: SPM BUOY GPS Fault - ACTIVE
2025-12-03 11:30:18,168 - INFO - Alarm 6: SPM BUOY Sensor A fault - ACTIVE
2025-12-03 11:30:18,170 - INFO - Alarm 8: RECEIVING TERMINALS Power/Communications Fault - ACTIVE
2025-12-03 11:30:18,172 - INFO - Alarm 11: RECEIVING TERMINALS Sensor A fault - ACTIVE
2025-12-03 11:30:50,477 - INFO - Alarm 5: SPM BUOY GPS Fault - CLEARED
2025-12-03 11:31:02,581 - INFO - Alarm 10: RECEIVING TERMINALS GPS Fault - ACTIVE
2025-12-03 11:31:08,637 - INFO - Alarm 3: SPM BUOY Power/Communications Fault - ACTIVE
2025-12-03 11:32:00,168 - INFO - Alarm 9: RECEIVING TERMINALS WA Restart flag - ACTIVE
2025-12-03 11:32:12,269 - INFO - Alarm 10: RECEIVING TERMINALS GPS Fault - CLEARED
2025-12-03 11:32:30,438 - INFO - Alarm 4: SPM BUOY WA Restart flag - ACTIVE
2025-12-03 11:32:44,639 - INFO - Alarm 9: RECEIVING TERMINALS WA Restart flag - CLEARED
2025-12-03 11:32:50,749 - INFO - Alarm 6: SPM BUOY Sensor A fault - CLEARED
2025-12-03 11:35:26,461 - INFO - Alarm 6: SPM BUOY Sensor A fault - ACTIVE
2025-12-03 11:38:31,191 - INFO - Alarm 9: RECEIVING TERMINALS WA Restart flag - ACTIVE
2025-12-03 11:39:44,278 - INFO - Alarm 6: SPM BUOY Sensor A fault - CLEARED
2025-12-03 11:43:53,025 - INFO - Alarm 11: RECEIVING TERMINALS Sensor A fault - CLEARED
2025-12-03 11:43:59,120 - INFO - Alarm 6: SPM BUOY Sensor A fault - ACTIVE
2025-12-03 11:44:02,167 - INFO - Alarm 9: RECEIVING TERMINALS WA Restart flag - CLEARED
2025-12-03 11:46:37,377 - INFO - Alarm 6: SPM BUOY Sensor A fault - CLEARED
2025-12-03 11:48:09,361 - INFO - Alarm 6: SPM BUOY Sensor A fault - ACTIVE
2025-12-03 11:49:15,215 - INFO - Alarm 9: RECEIVING TERMINALS WA Restart flag - ACTIVE
2025-12-03 11:49:21,319 - INFO - Alarm 9: RECEIVING TERMINALS WA Restart flag - CLEARED
2025-12-03 11:51:09,866 - INFO - Alarm 11: RECEIVING TERMINALS Sensor A fault - ACTIVE
2025-12-03 11:53:48,312 - INFO - Alarm 10: RECEIVING TERMINALS GPS Fault - ACTIVE
2025-12-03 11:54:08,498 - INFO - Alarm 4: SPM BUOY WA Restart flag - CLEARED
2025-12-03 11:54:41,839 - INFO - Alarm 9: RECEIVING TERMINALS WA Restart flag - ACTIVE
2025-12-03 11:54:47,902 - INFO - Alarm 5: SPM BUOY GPS Fault - ACTIVE
2025-12-03 11:55:09,135 - INFO - Alarm 3: SPM BUOY Power/Communications Fault - CLEARED
2025-12-03 11:57:32,640 - INFO - Alarm 8: RECEIVING TERMINALS Power/Communications Fault - CLEARED
2025-12-03 11:57:47,825 - INFO - Alarm 8: RECEIVING TERMINALS Power/Communications Fault - ACTIVE
2025-12-03 11:58:03,004 - INFO - Alarm 3: SPM BUOY Power/Communications Fault - ACTIVE
2025-12-03 11:58:06,047 - INFO - Alarm 3: SPM BUOY Power/Communications Fault - CLEARED
2025-12-03 11:58:30,276 - INFO - Alarm 6: SPM BUOY Sensor A fault - CLEARED
2025-12-03 11:59:14,766 - INFO - Alarm 10: RECEIVING TERMINALS GPS Fault - CLEARED
2025-12-03 11:59:20,835 - INFO - Alarm 4: SPM BUOY WA Restart flag - ACTIVE
2025-12-03 11:59:26,910 - INFO - Alarm 11: RECEIVING TERMINALS Sensor A fault - CLEARED
2025-12-03 11:59:42,088 - INFO - Alarm 8: RECEIVING TERMINALS Power/Communications Fault - CLEARED
2025-12-03 12:00:00,318 - INFO - Alarm 10: RECEIVING TERMINALS GPS Fault - ACTIVE
2025-12-03 12:00:30,629 - INFO - Alarm 3: SPM BUOY Power/Communications Fault - ACTIVE
2025-12-03 12:01:33,330 - INFO - Alarm 8: RECEIVING TERMINALS Power/Communications Fault - ACTIVE
2025-12-03 12:01:45,477 - INFO - Alarm 6: SPM BUOY Sensor A fault - ACTIVE
2025-12-03 12:02:51,439 - INFO - Alarm 11: RECEIVING TERMINALS Sensor A fault - ACTIVE
2025-12-03 12:03:24,949 - INFO - Alarm 5: SPM BUOY GPS Fault - CLEARED
2025-12-03 12:03:54,357 - INFO - Alarm 6: SPM BUOY Sensor A fault - CLEARED
2025-12-03 12:04:00,463 - INFO - Alarm 5: SPM BUOY GPS Fault - ACTIVE
2025-12-03 12:04:06,554 - INFO - Alarm 5: SPM BUOY GPS Fault - CLEARED
2025-12-03 12:04:18,743 - INFO - Alarm 3: SPM BUOY Power/Communications Fault - CLEARED
2025-12-03 12:04:52,273 - INFO - Alarm 11: RECEIVING TERMINALS Sensor A fault - CLEARED
2025-12-03 12:05:06,476 - INFO - Alarm 10: RECEIVING TERMINALS GPS Fault - CLEARED
2025-12-03 12:05:27,818 - INFO - Alarm 9: RECEIVING TERMINALS WA Restart flag - CLEARED
2025-12-03 12:06:55,115 - INFO - Alarm 4: SPM BUOY WA Restart flag - CLEARED
2025-12-03 12:08:34,703 - INFO - Alarm 8: RECEIVING TERMINALS Power/Communications Fault - CLEARED
2025-12-03 12:09:02,124 - INFO - Alarm 5: SPM BUOY GPS Fault - ACTIVE
2025-12-03 12:09:34,622 - INFO - Alarm 3: SPM BUOY Power/Communications Fault - ACTIVE
2025-12-03 12:09:49,875 - INFO - Alarm 9: RECEIVING TERMINALS WA Restart flag - ACTIVE
2025-12-03 12:10:28,448 - INFO - Alarm 10: RECEIVING TERMINALS GPS Fault - ACTIVE
2025-12-03 12:10:49,783 - INFO - Alarm 3: SPM BUOY Power/Communications Fault - CLEARED
2025-12-03 12:11:11,107 - INFO - Alarm 4: SPM BUOY WA Restart flag - ACTIVE
2025-12-03 12:11:17,211 - INFO - Alarm 6: SPM BUOY Sensor A fault - ACTIVE
2025-12-03 12:11:32,446 - INFO - Alarm 8: RECEIVING TERMINALS Power/Communications Fault - ACTIVE
2025-12-03 12:12:47,552 - INFO - Alarm 6: SPM BUOY Sensor A fault - CLEARED
2025-12-03 12:12:59,751 - INFO - Alarm 9: RECEIVING TERMINALS WA Restart flag - CLEARED
2025-12-03 12:13:23,090 - INFO - Alarm 5: SPM BUOY GPS Fault - CLEARED
2025-12-03 12:14:28,954 - INFO - Alarm 10: RECEIVING TERMINALS GPS Fault - CLEARED
2025-12-03 12:15:02,273 - INFO - Alarm 3: SPM BUOY Power/Communications Fault - ACTIVE
2025-12-03 12:15:23,512 - INFO - Alarm 3: SPM BUOY Power/Communications Fault - CLEARED
2025-12-03 12:15:35,648 - INFO - Alarm 6: SPM BUOY Sensor A fault - ACTIVE
2025-12-03 12:17:02,547 - INFO - Alarm 6: SPM BUOY Sensor A fault - CLEARED
2025-12-03 12:17:11,649 - INFO - Alarm 8: RECEIVING TERMINALS Power/Communications Fault - CLEARED
2025-12-03 12:17:32,887 - INFO - Alarm 9: RECEIVING TERMINALS WA Restart flag - ACTIVE
2025-12-03 12:18:02,273 - INFO - Alarm 4: SPM BUOY WA Restart flag - CLEARED
2025-12-03 12:18:47,979 - INFO - Alarm 11: RECEIVING TERMINALS Sensor A fault - ACTIVE
2025-12-03 12:18:54,076 - INFO - Alarm 5: SPM BUOY GPS Fault - ACTIVE
2025-12-03 12:19:29,607 - INFO - Alarm 8: RECEIVING TERMINALS Power/Communications Fault - ACTIVE
2025-12-03 12:20:06,150 - INFO - Alarm 9: RECEIVING TERMINALS WA Restart flag - CLEARED
2025-12-03 12:20:27,479 - INFO - Alarm 6: SPM BUOY Sensor A fault - ACTIVE
2025-12-03 12:21:15,169 - INFO - Alarm 5: SPM BUOY GPS Fault - CLEARED
2025-12-03 12:21:30,422 - INFO - Alarm 10: RECEIVING TERMINALS GPS Fault - ACTIVE
2025-12-03 12:21:57,825 - INFO - Alarm 6: SPM BUOY Sensor A fault - CLEARED
2025-12-03 12:22:15,101 - INFO - Alarm 9: RECEIVING TERMINALS WA Restart flag - ACTIVE
2025-12-03 12:23:51,493 - INFO - Alarm 9: RECEIVING TERMINALS WA Restart flag - CLEARED
2025-12-03 12:25:31,006 - INFO - Alarm 4: SPM BUOY WA Restart flag - ACTIVE
2025-12-03 12:25:43,211 - INFO - Alarm 3: SPM BUOY Power/Communications Fault - ACTIVE
2025-12-03 12:25:52,351 - INFO - Alarm 3: SPM BUOY Power/Communications Fault - CLEARED
2025-12-03 12:31:37,614 - INFO - Alarm 4: SPM BUOY WA Restart flag - CLEARED
2025-12-03 12:31:49,784 - INFO - Alarm 8: RECEIVING TERMINALS Power/Communications Fault - CLEARED
2025-12-03 13:00:28,742 - INFO - Alarm 9: RECEIVING TERMINALS WA Restart flag - ACTIVE
2025-12-03 13:02:11,343 - INFO - Alarm 9: RECEIVING TERMINALS WA Restart flag - CLEARED
2025-12-03 13:34:17,058 - INFO - Alarm 5: SPM BUOY GPS Fault - ACTIVE
2025-12-03 14:19:35,675 - INFO - Alarm 11: RECEIVING TERMINALS Sensor A fault - CLEARED
2025-12-03 14:19:53,965 - INFO - Alarm 10: RECEIVING TERMINALS GPS Fault - CLEARED
2025-12-03 14:26:47,744 - INFO - Alarm 5: SPM BUOY GPS Fault - CLEARED
2025-12-03 14:26:53,809 - INFO - Alarm 10: RECEIVING TERMINALS GPS Fault - ACTIVE
2025-12-03 14:26:56,836 - ERROR - Modbus exception reading coil 2: Modbus Error: [Connection] ModbusTcpClient localhost:1502: Connection unexpectedly closed 0.000 seconds into read of unbounded read bytes without response from device before it closed connection
2025-12-03 14:26:56,838 - ERROR - Modbus exception reading coil 4: Modbus Error: [Connection] Failed to connect[ModbusTcpClient localhost:1502]
2025-12-03 14:26:56,839 - ERROR - Modbus exception reading coil 17: Modbus Error: [Connection] Failed to connect[ModbusTcpClient localhost:1502]
2025-12-03 14:26:56,840 - ERROR - Modbus exception reading coil 18: Modbus Error: [Connection] Failed to connect[ModbusTcpClient localhost:1502]
2025-12-03 14:26:56,840 - ERROR - Modbus exception reading coil 19: Modbus Error: [Connection] Failed to connect[ModbusTcpClient localhost:1502]
2025-12-03 14:26:56,841 - ERROR - Modbus exception reading coil 20: Modbus Error: [Connection] Failed to connect[ModbusTcpClient localhost:1502]
2025-12-03 14:26:56,841 - ERROR - Modbus exception reading coil 21: Modbus Error: [Connection] Failed to connect[ModbusTcpClient localhost:1502]
2025-12-03 14:26:56,842 - ERROR - Modbus exception reading coil 49: Modbus Error: [Connection] Failed to connect[ModbusTcpClient localhost:1502]
2025-12-03 14:26:56,842 - ERROR - Modbus exception reading coil 50: Modbus Error: [Connection] Failed to connect[ModbusTcpClient localhost:1502]
2025-12-03 14:26:56,843 - ERROR - Modbus exception reading coil 51: Modbus Error: [Connection] Failed to connect[ModbusTcpClient localhost:1502]
2025-12-03 14:26:56,844 - ERROR - Modbus exception reading coil 52: Modbus Error: [Connection] Failed to connect[ModbusTcpClient localhost:1502]
2025-12-03 14:26:56,844 - ERROR - Modbus exception reading coil 53: Modbus Error: [Connection] Failed to connect[ModbusTcpClient localhost:1502]
2025-12-03 14:26:57,850 - WARNING - Modbus not connected. Attempting reconnection...
2025-12-03 14:26:57,850 - INFO - Connecting to Modbus in SIM mode
2025-12-03 14:26:57,854 - ERROR - Failed to connect to Modbus server
2025-12-03 14:26:58,859 - WARNING - Modbus not connected. Attempting reconnection...
2025-12-03 14:26:58,859 - INFO - Connecting to Modbus in SIM mode
2025-12-03 14:26:58,862 - ERROR - Failed to connect to Modbus server
2025-12-03 14:26:59,867 - WARNING - Modbus not connected. Attempting reconnection...
2025-12-03 14:26:59,867 - INFO - Connecting to Modbus in SIM mode
2025-12-03 14:26:59,869 - ERROR - Failed to connect to Modbus server
2025-12-03 14:27:00,874 - INFO - Alarm monitoring stopped
2025-12-03 14:27:00,875 - WARNING - Monitor is not running
2025-12-03 14:29:06,084 - INFO - Configuration loaded from app_config.json
2025-12-03 14:29:06,121 - INFO - Modbus Alarm Monitor initialized
2025-12-03 14:29:06,121 - INFO - Connecting to Modbus in SIM mode
2025-12-03 14:29:06,126 - INFO - Modbus connected to localhost:1502 (SIM mode)
2025-12-03 14:29:06,126 - INFO - Monitoring started
2025-12-03 14:29:06,127 - INFO - Alarm monitoring started
2025-12-03 14:29:16,200 - INFO - Alarm 8: RECEIVING TERMINALS Power/Communications Fault - ACTIVE
2025-12-03 14:30:01,627 - INFO - Alarm 9: RECEIVING TERMINALS WA Restart flag - ACTIVE
2025-12-03 14:31:13,262 - INFO - Alarm 4: SPM BUOY WA Restart flag - ACTIVE
2025-12-03 14:31:19,335 - INFO - Alarm 11: RECEIVING TERMINALS Sensor A fault - ACTIVE
2025-12-03 14:32:04,747 - INFO - Alarm 11: RECEIVING TERMINALS Sensor A fault - CLEARED
2025-12-03 14:32:12,824 - INFO - Alarm 9: RECEIVING TERMINALS WA Restart flag - CLEARED
2025-12-03 14:32:27,984 - INFO - Alarm 5: SPM BUOY GPS Fault - ACTIVE
2025-12-03 14:33:46,789 - INFO - Alarm 9: RECEIVING TERMINALS WA Restart flag - ACTIVE
2025-12-03 14:34:13,033 - INFO - Alarm 8: RECEIVING TERMINALS Power/Communications Fault - CLEARED
2025-12-03 14:34:16,067 - INFO - Alarm 5: SPM BUOY GPS Fault - CLEARED
2025-12-03 14:34:25,156 - INFO - Alarm 4: SPM BUOY WA Restart flag - CLEARED
2025-12-03 14:34:31,206 - INFO - Alarm 8: RECEIVING TERMINALS Power/Communications Fault - ACTIVE
2025-12-03 14:34:49,385 - INFO - Alarm 11: RECEIVING TERMINALS Sensor A fault - ACTIVE
2025-12-03 14:34:58,477 - INFO - Alarm 5: SPM BUOY GPS Fault - ACTIVE
2025-12-03 15:22:45,116 - INFO - Alarm 5: SPM BUOY GPS Fault - CLEARED
2025-12-03 15:24:59,609 - INFO - Alarm 8: RECEIVING TERMINALS Power/Communications Fault - CLEARED
2025-12-03 15:25:05,692 - INFO - Alarm 3: SPM BUOY Power/Communications Fault - ACTIVE
2025-12-03 15:25:11,756 - INFO - Alarm 5: SPM BUOY GPS Fault - ACTIVE
2025-12-03 15:25:23,903 - INFO - Alarm 3: SPM BUOY Power/Communications Fault - CLEARED
2025-12-03 15:25:26,951 - INFO - Alarm 8: RECEIVING TERMINALS Power/Communications Fault - ACTIVE
2025-12-03 15:26:29,655 - INFO - Alarm 10: RECEIVING TERMINALS GPS Fault - ACTIVE
2025-12-03 15:27:06,040 - INFO - Alarm monitoring stopped
2025-12-03 15:27:06,042 - WARNING - Monitor is not running
2025-12-03 15:28:11,267 - INFO - Configuration loaded from app_config.json
2025-12-03 15:28:11,306 - INFO - Modbus Alarm Monitor initialized
2025-12-03 15:28:11,306 - INFO - Connecting to Modbus in SIM mode
2025-12-03 15:28:11,312 - INFO - Modbus connected to localhost:1502 (SIM mode)
2025-12-03 15:28:11,312 - INFO - Monitoring started
2025-12-03 15:28:11,312 - INFO - Alarm monitoring started
2025-12-03 15:28:11,316 - INFO - Alarm 4: SPM BUOY WA Restart flag - ACTIVE
2025-12-03 15:28:11,318 - INFO - Alarm 5: SPM BUOY GPS Fault - ACTIVE
2025-12-03 15:28:11,322 - INFO - Alarm 8: RECEIVING TERMINALS Power/Communications Fault - ACTIVE
2025-12-03 15:28:11,323 - INFO - Alarm 9: RECEIVING TERMINALS WA Restart flag - ACTIVE
2025-12-03 15:28:11,325 - INFO - Alarm 10: RECEIVING TERMINALS GPS Fault - ACTIVE
2025-12-03 15:28:14,352 - INFO - Alarm 9: RECEIVING TERMINALS WA Restart flag - CLEARED
2025-12-03 15:28:41,649 - INFO - Alarm 9: RECEIVING TERMINALS WA Restart flag - ACTIVE
2025-12-03 15:28:50,761 - INFO - Alarm 10: RECEIVING TERMINALS GPS Fault - CLEARED
2025-12-03 15:28:59,860 - INFO - Alarm 9: RECEIVING TERMINALS WA Restart flag - CLEARED
2025-12-03 15:29:11,990 - INFO - Alarm 9: RECEIVING TERMINALS WA Restart flag - ACTIVE
2025-12-03 15:29:33,211 - INFO - Alarm 10: RECEIVING TERMINALS GPS Fault - ACTIVE
2025-12-03 15:29:42,298 - INFO - Alarm 8: RECEIVING TERMINALS Power/Communications Fault - CLEARED
2025-12-03 15:31:09,201 - INFO - Alarm 9: RECEIVING TERMINALS WA Restart flag - CLEARED
2025-12-03 15:32:33,093 - INFO - Alarm 10: RECEIVING TERMINALS GPS Fault - CLEARED
2025-12-03 15:32:51,317 - INFO - Alarm 8: RECEIVING TERMINALS Power/Communications Fault - ACTIVE
2025-12-03 15:33:29,745 - INFO - Alarm 3: SPM BUOY Power/Communications Fault - ACTIVE
2025-12-03 15:34:00,080 - INFO - Alarm 5: SPM BUOY GPS Fault - CLEARED
2025-12-03 15:34:06,137 - INFO - Alarm 5: SPM BUOY GPS Fault - ACTIVE
2025-12-03 15:35:30,003 - INFO - Alarm 8: RECEIVING TERMINALS Power/Communications Fault - CLEARED
2025-12-03 15:36:09,426 - INFO - Alarm 3: SPM BUOY Power/Communications Fault - CLEARED
2025-12-03 15:36:36,739 - INFO - Alarm 9: RECEIVING TERMINALS WA Restart flag - ACTIVE
2025-12-03 15:37:42,434 - INFO - Alarm 11: RECEIVING TERMINALS Sensor A fault - ACTIVE
2025-12-03 15:38:21,863 - INFO - Alarm 10: RECEIVING TERMINALS GPS Fault - ACTIVE
2025-12-03 15:38:39,063 - INFO - Alarm 6: SPM BUOY Sensor A fault - ACTIVE
2025-12-03 15:38:42,096 - INFO - Alarm 3: SPM BUOY Power/Communications Fault - ACTIVE
2025-12-03 15:39:21,538 - INFO - Alarm 4: SPM BUOY WA Restart flag - CLEARED
2025-12-03 15:39:45,777 - INFO - Alarm 10: RECEIVING TERMINALS GPS Fault - CLEARED
2025-12-03 15:39:57,924 - INFO - Alarm 5: SPM BUOY GPS Fault - CLEARED
2025-12-03 15:40:13,089 - INFO - Alarm 3: SPM BUOY Power/Communications Fault - CLEARED
2025-12-03 15:40:18,153 - INFO - Alarm 4: SPM BUOY WA Restart flag - ACTIVE
2025-12-03 15:40:27,262 - INFO - Alarm 9: RECEIVING TERMINALS WA Restart flag - CLEARED
2025-12-03 15:40:39,399 - INFO - Alarm 5: SPM BUOY GPS Fault - ACTIVE
2025-12-03 15:40:54,569 - INFO - Alarm 6: SPM BUOY Sensor A fault - CLEARED
2025-12-03 15:41:33,971 - INFO - Alarm 10: RECEIVING TERMINALS GPS Fault - ACTIVE
2025-12-03 15:42:00,267 - INFO - Alarm 8: RECEIVING TERMINALS Power/Communications Fault - ACTIVE
2025-12-03 15:42:09,367 - INFO - Alarm 6: SPM BUOY Sensor A fault - ACTIVE
2025-12-03 15:42:15,433 - INFO - Alarm 3: SPM BUOY Power/Communications Fault - ACTIVE
2025-12-03 15:42:21,488 - INFO - Alarm 4: SPM BUOY WA Restart flag - CLEARED
2025-12-03 15:43:19,099 - INFO - Alarm 3: SPM BUOY Power/Communications Fault - CLEARED
2025-12-03 15:43:22,138 - INFO - Alarm 10: RECEIVING TERMINALS GPS Fault - CLEARED
2025-12-03 15:43:42,380 - INFO - Alarm 3: SPM BUOY Power/Communications Fault - ACTIVE
2025-12-03 15:44:15,733 - INFO - Alarm 4: SPM BUOY WA Restart flag - ACTIVE
2025-12-03 15:44:33,929 - INFO - Alarm 3: SPM BUOY Power/Communications Fault - CLEARED
2025-12-03 15:45:10,263 - INFO - Alarm 11: RECEIVING TERMINALS Sensor A fault - CLEARED
2025-12-03 15:46:03,888 - INFO - Alarm 4: SPM BUOY WA Restart flag - CLEARED
2025-12-03 15:47:45,963 - INFO - Alarm 5: SPM BUOY GPS Fault - CLEARED
2025-12-03 15:48:13,222 - INFO - Alarm 3: SPM BUOY Power/Communications Fault - ACTIVE
2025-12-03 15:48:37,494 - INFO - Alarm 10: RECEIVING TERMINALS GPS Fault - ACTIVE
2025-12-03 15:49:31,089 - INFO - Alarm 4: SPM BUOY WA Restart flag - ACTIVE
2025-12-03 15:50:13,548 - INFO - Alarm 10: RECEIVING TERMINALS GPS Fault - CLEARED
2025-12-03 15:50:31,755 - INFO - Alarm 9: RECEIVING TERMINALS WA Restart flag - ACTIVE
2025-12-03 15:50:51,960 - INFO - Alarm 4: SPM BUOY WA Restart flag - CLEARED
2025-12-03 15:51:37,432 - INFO - Alarm 6: SPM BUOY Sensor A fault - CLEARED
2025-12-03 15:51:46,534 - INFO - Alarm 11: RECEIVING TERMINALS Sensor A fault - ACTIVE
2025-12-03 15:51:55,637 - INFO - Alarm 9: RECEIVING TERMINALS WA Restart flag - CLEARED
2025-12-03 15:51:58,674 - INFO - Alarm 10: RECEIVING TERMINALS GPS Fault - ACTIVE
2025-12-03 15:53:40,766 - INFO - Alarm 9: RECEIVING TERMINALS WA Restart flag - ACTIVE
2025-12-03 15:53:46,834 - INFO - Alarm 10: RECEIVING TERMINALS GPS Fault - CLEARED
2025-12-03 15:54:14,146 - INFO - Alarm 4: SPM BUOY WA Restart flag - ACTIVE
2025-12-03 15:54:28,368 - INFO - Alarm 8: RECEIVING TERMINALS Power/Communications Fault - CLEARED
2025-12-03 15:54:43,616 - INFO - Alarm 11: RECEIVING TERMINALS Sensor A fault - CLEARED
2025-12-03 15:55:11,005 - INFO - Alarm 3: SPM BUOY Power/Communications Fault - CLEARED
2025-12-03 15:55:49,598 - INFO - Alarm 3: SPM BUOY Power/Communications Fault - ACTIVE
2025-12-03 15:56:04,823 - INFO - Alarm 6: SPM BUOY Sensor A fault - ACTIVE
2025-12-03 15:56:32,241 - INFO - Alarm 8: RECEIVING TERMINALS Power/Communications Fault - ACTIVE
2025-12-03 15:56:47,500 - INFO - Alarm 8: RECEIVING TERMINALS Power/Communications Fault - CLEARED
2025-12-03 15:57:01,715 - INFO - Alarm 5: SPM BUOY GPS Fault - ACTIVE
2025-12-03 15:57:38,229 - INFO - Alarm 6: SPM BUOY Sensor A fault - CLEARED
2025-12-03 15:57:47,371 - INFO - Alarm 8: RECEIVING TERMINALS Power/Communications Fault - ACTIVE
2025-12-03 15:57:53,463 - INFO - Alarm 8: RECEIVING TERMINALS Power/Communications Fault - CLEARED
2025-12-03 15:58:38,120 - INFO - Alarm 6: SPM BUOY Sensor A fault - ACTIVE
2025-12-03 15:58:44,215 - INFO - Alarm 8: RECEIVING TERMINALS Power/Communications Fault - ACTIVE
2025-12-03 15:59:35,776 - INFO - Alarm 9: RECEIVING TERMINALS WA Restart flag - CLEARED
2025-12-03 15:59:41,860 - INFO - Alarm 4: SPM BUOY WA Restart flag - CLEARED
2025-12-03 16:00:29,387 - INFO - Alarm 8: RECEIVING TERMINALS Power/Communications Fault - CLEARED
2025-12-03 16:01:53,273 - INFO - Alarm 4: SPM BUOY WA Restart flag - ACTIVE
2025-12-03 16:02:11,487 - INFO - Alarm 6: SPM BUOY Sensor A fault - CLEARED
2025-12-03 16:02:41,829 - INFO - Alarm 4: SPM BUOY WA Restart flag - CLEARED
2025-12-03 16:03:17,262 - INFO - Alarm 11: RECEIVING TERMINALS Sensor A fault - ACTIVE
2025-12-03 16:03:47,568 - INFO - Alarm 3: SPM BUOY Power/Communications Fault - CLEARED
2025-12-03 16:03:59,716 - INFO - Alarm 3: SPM BUOY Power/Communications Fault - ACTIVE
2025-12-03 16:04:08,819 - INFO - Alarm 11: RECEIVING TERMINALS Sensor A fault - CLEARED
2025-12-03 16:04:27,007 - INFO - Alarm 8: RECEIVING TERMINALS Power/Communications Fault - ACTIVE
2025-12-03 16:04:33,084 - INFO - Alarm 4: SPM BUOY WA Restart flag - ACTIVE
2025-12-03 16:15:34,940 - INFO - Alarm 3: SPM BUOY Power/Communications Fault - CLEARED
2025-12-03 17:36:47,873 - INFO - Alarm 6: SPM BUOY Sensor A fault - ACTIVE
2025-12-03 18:05:56,456 - INFO - Alarm 6: SPM BUOY Sensor A fault - CLEARED
2025-12-03 18:06:04,609 - INFO - Alarm 11: RECEIVING TERMINALS Sensor A fault - ACTIVE
2025-12-03 18:12:43,495 - INFO - Alarm 4: SPM BUOY WA Restart flag - CLEARED
2025-12-03 18:12:52,632 - INFO - Alarm 4: SPM BUOY WA Restart flag - ACTIVE
2025-12-03 18:29:13,926 - INFO - Alarm 4: SPM BUOY WA Restart flag - CLEARED
2025-12-03 18:29:50,954 - INFO - Alarm 9: RECEIVING TERMINALS WA Restart flag - ACTIVE
2025-12-03 18:30:00,093 - INFO - Alarm 6: SPM BUOY Sensor A fault - ACTIVE
2025-12-03 18:30:03,139 - INFO - Alarm 6: SPM BUOY Sensor A fault - CLEARED
2025-12-03 18:46:26,222 - INFO - Alarm 8: RECEIVING TERMINALS Power/Communications Fault - CLEARED
2025-12-03 18:46:32,326 - INFO - Alarm 8: RECEIVING TERMINALS Power/Communications Fault - ACTIVE
2025-12-03 18:47:06,224 - INFO - Alarm 11: RECEIVING TERMINALS Sensor A fault - CLEARED
2025-12-03 19:05:01,063 - INFO - Alarm 8: RECEIVING TERMINALS Power/Communications Fault - CLEARED
2025-12-03 19:22:09,961 - INFO - Alarm 4: SPM BUOY WA Restart flag - ACTIVE
2025-12-03 19:22:58,083 - INFO - Alarm 6: SPM BUOY Sensor A fault - ACTIVE
2025-12-03 19:24:18,386 - INFO - Alarm 6: SPM BUOY Sensor A fault - CLEARED
2025-12-03 19:42:11,208 - INFO - Alarm 11: RECEIVING TERMINALS Sensor A fault - ACTIVE
2025-12-03 19:58:46,500 - INFO - Alarm 9: RECEIVING TERMINALS WA Restart flag - CLEARED
2025-12-03 19:58:49,553 - INFO - Alarm 6: SPM BUOY Sensor A fault - ACTIVE
2025-12-03 19:59:26,588 - INFO - Alarm 4: SPM BUOY WA Restart flag - CLEARED
2025-12-03 20:00:03,672 - INFO - Alarm 9: RECEIVING TERMINALS WA Restart flag - ACTIVE
2025-12-03 20:01:16,866 - INFO - Alarm 8: RECEIVING TERMINALS Power/Communications Fault - ACTIVE
2025-12-03 20:06:58,197 - INFO - Alarm 9: RECEIVING TERMINALS WA Restart flag - CLEARED
2025-12-03 20:07:01,256 - INFO - Alarm 5: SPM BUOY GPS Fault - CLEARED
2025-12-03 20:39:45,410 - INFO - Alarm 11: RECEIVING TERMINALS Sensor A fault - CLEARED
2025-12-03 20:55:36,696 - INFO - Alarm 11: RECEIVING TERMINALS Sensor A fault - ACTIVE
2025-12-03 20:56:47,578 - INFO - Alarm 11: RECEIVING TERMINALS Sensor A fault - CLEARED
2025-12-03 20:57:27,532 - INFO - Alarm 8: RECEIVING TERMINALS Power/Communications Fault - CLEARED
2025-12-03 20:58:10,637 - INFO - Alarm 3: SPM BUOY Power/Communications Fault - ACTIVE
2025-12-03 21:08:16,429 - INFO - Alarm 5: SPM BUOY GPS Fault - ACTIVE
2025-12-03 21:41:50,299 - INFO - Alarm 4: SPM BUOY WA Restart flag - ACTIVE
2025-12-03 22:09:00,760 - INFO - Alarm 10: RECEIVING TERMINALS GPS Fault - ACTIVE
2025-12-03 22:09:06,850 - INFO - Alarm 9: RECEIVING TERMINALS WA Restart flag - ACTIVE
2025-12-03 22:09:40,817 - INFO - Alarm 11: RECEIVING TERMINALS Sensor A fault - ACTIVE
2025-12-03 22:09:43,870 - INFO - Alarm 6: SPM BUOY Sensor A fault - CLEARED
2025-12-03 22:10:57,872 - INFO - Alarm 4: SPM BUOY WA Restart flag - CLEARED
2025-12-03 22:11:02,951 - INFO - Alarm 10: RECEIVING TERMINALS GPS Fault - CLEARED
2025-12-03 22:11:39,418 - INFO - Alarm 9: RECEIVING TERMINALS WA Restart flag - CLEARED
2025-12-03 22:11:45,494 - INFO - Alarm 3: SPM BUOY Power/Communications Fault - CLEARED
2025-12-03 22:12:03,641 - INFO - Alarm 10: RECEIVING TERMINALS GPS Fault - ACTIVE
2025-12-03 22:12:33,908 - INFO - Alarm 8: RECEIVING TERMINALS Power/Communications Fault - ACTIVE
2025-12-03 22:12:46,025 - INFO - Alarm 5: SPM BUOY GPS Fault - CLEARED
2025-12-03 22:13:21,350 - INFO - Alarm 10: RECEIVING TERMINALS GPS Fault - CLEARED
2025-12-03 22:14:00,710 - INFO - Alarm 5: SPM BUOY GPS Fault - ACTIVE
2025-12-03 22:14:34,002 - INFO - Alarm 6: SPM BUOY Sensor A fault - ACTIVE
2025-12-03 22:15:04,257 - INFO - Alarm 6: SPM BUOY Sensor A fault - CLEARED
2025-12-03 22:15:21,414 - INFO - Alarm 4: SPM BUOY WA Restart flag - ACTIVE
2025-12-03 22:15:27,499 - INFO - Alarm 8: RECEIVING TERMINALS Power/Communications Fault - CLEARED
2025-12-03 22:16:31,054 - INFO - Alarm 6: SPM BUOY Sensor A fault - ACTIVE
2025-12-03 22:16:55,267 - INFO - Alarm 3: SPM BUOY Power/Communications Fault - ACTIVE
2025-12-03 22:17:51,738 - INFO - Alarm 9: RECEIVING TERMINALS WA Restart flag - ACTIVE
2025-12-03 22:18:15,953 - INFO - Alarm 4: SPM BUOY WA Restart flag - CLEARED
2025-12-03 22:18:58,326 - INFO - Alarm 6: SPM BUOY Sensor A fault - CLEARED
2025-12-03 22:19:19,500 - INFO - Alarm 9: RECEIVING TERMINALS WA Restart flag - CLEARED
2025-12-03 22:20:37,209 - INFO - Alarm 9: RECEIVING TERMINALS WA Restart flag - ACTIVE
2025-12-03 22:21:10,518 - INFO - Alarm 10: RECEIVING TERMINALS GPS Fault - ACTIVE
2025-12-03 22:21:22,631 - INFO - Alarm 11: RECEIVING TERMINALS Sensor A fault - CLEARED
2025-12-03 22:21:36,766 - INFO - Alarm 9: RECEIVING TERMINALS WA Restart flag - CLEARED
2025-12-03 22:22:22,198 - INFO - Alarm 4: SPM BUOY WA Restart flag - ACTIVE
2025-12-03 22:23:07,612 - INFO - Alarm 3: SPM BUOY Power/Communications Fault - CLEARED
2025-12-03 22:23:58,091 - INFO - Alarm 10: RECEIVING TERMINALS GPS Fault - CLEARED
2025-12-03 22:24:13,260 - INFO - Alarm 9: RECEIVING TERMINALS WA Restart flag - ACTIVE
2025-12-03 22:24:37,481 - INFO - Alarm 10: RECEIVING TERMINALS GPS Fault - ACTIVE
2025-12-03 22:24:40,508 - INFO - Alarm 3: SPM BUOY Power/Communications Fault - ACTIVE
2025-12-03 22:24:46,562 - INFO - Alarm 6: SPM BUOY Sensor A fault - ACTIVE
2025-12-03 22:26:16,489 - INFO - Alarm 6: SPM BUOY Sensor A fault - CLEARED
2025-12-03 22:27:31,460 - INFO - Alarm 3: SPM BUOY Power/Communications Fault - CLEARED
2025-12-03 22:28:07,963 - INFO - Alarm 10: RECEIVING TERMINALS GPS Fault - CLEARED
2025-12-03 22:29:13,782 - INFO - Alarm 10: RECEIVING TERMINALS GPS Fault - ACTIVE
2025-12-03 22:29:56,332 - INFO - Alarm 5: SPM BUOY GPS Fault - CLEARED
2025-12-03 22:30:17,582 - INFO - Alarm 4: SPM BUOY WA Restart flag - CLEARED
2025-12-03 22:31:32,577 - INFO - Alarm 3: SPM BUOY Power/Communications Fault - ACTIVE
2025-12-03 22:31:44,748 - INFO - Alarm 3: SPM BUOY Power/Communications Fault - CLEARED
2025-12-03 22:31:47,792 - INFO - Alarm 6: SPM BUOY Sensor A fault - ACTIVE
2025-12-03 22:32:01,985 - INFO - Alarm 3: SPM BUOY Power/Communications Fault - ACTIVE
2025-12-03 22:32:26,297 - INFO - Alarm 4: SPM BUOY WA Restart flag - ACTIVE
2025-12-03 22:32:29,326 - INFO - Alarm 6: SPM BUOY Sensor A fault - CLEARED
2025-12-03 22:32:38,443 - INFO - Alarm 9: RECEIVING TERMINALS WA Restart flag - CLEARED
2025-12-03 22:33:05,781 - INFO - Alarm 3: SPM BUOY Power/Communications Fault - CLEARED
2025-12-03 22:33:08,823 - INFO - Alarm 10: RECEIVING TERMINALS GPS Fault - CLEARED
2025-12-03 22:33:42,230 - INFO - Alarm 9: RECEIVING TERMINALS WA Restart flag - ACTIVE
2025-12-03 22:34:11,615 - INFO - Alarm 11: RECEIVING TERMINALS Sensor A fault - ACTIVE
2025-12-03 22:34:35,913 - INFO - Alarm 11: RECEIVING TERMINALS Sensor A fault - CLEARED
2025-12-03 22:34:38,966 - INFO - Alarm 9: RECEIVING TERMINALS WA Restart flag - CLEARED
2025-12-03 22:34:48,067 - INFO - Alarm 6: SPM BUOY Sensor A fault - ACTIVE
2025-12-03 22:35:00,181 - INFO - Alarm 8: RECEIVING TERMINALS Power/Communications Fault - ACTIVE
2025-12-03 22:35:21,379 - INFO - Alarm 9: RECEIVING TERMINALS WA Restart flag - ACTIVE
2025-12-03 22:36:14,863 - INFO - Alarm 8: RECEIVING TERMINALS Power/Communications Fault - CLEARED
2025-12-03 22:36:51,209 - INFO - Alarm 11: RECEIVING TERMINALS Sensor A fault - ACTIVE
2025-12-03 22:37:18,465 - INFO - Alarm 6: SPM BUOY Sensor A fault - CLEARED
2025-12-03 22:38:21,023 - INFO - Alarm 8: RECEIVING TERMINALS Power/Communications Fault - ACTIVE
2025-12-03 22:39:15,536 - INFO - Alarm 10: RECEIVING TERMINALS GPS Fault - ACTIVE
2025-12-03 22:39:18,573 - INFO - Alarm 11: RECEIVING TERMINALS Sensor A fault - CLEARED
2025-12-03 22:39:30,669 - INFO - Alarm 6: SPM BUOY Sensor A fault - ACTIVE
2025-12-03 22:39:39,746 - INFO - Alarm 3: SPM BUOY Power/Communications Fault - ACTIVE
2025-12-03 22:39:47,833 - INFO - Alarm 10: RECEIVING TERMINALS GPS Fault - CLEARED
2025-12-03 22:39:59,944 - INFO - Alarm 10: RECEIVING TERMINALS GPS Fault - ACTIVE
2025-12-03 22:40:02,974 - INFO - Alarm 5: SPM BUOY GPS Fault - ACTIVE
2025-12-03 22:40:18,121 - INFO - Alarm 11: RECEIVING TERMINALS Sensor A fault - ACTIVE
2025-12-03 22:40:21,151 - INFO - Alarm 3: SPM BUOY Power/Communications Fault - CLEARED
2025-12-03 22:41:12,612 - INFO - Alarm 9: RECEIVING TERMINALS WA Restart flag - CLEARED
2025-12-03 22:41:27,742 - INFO - Alarm 9: RECEIVING TERMINALS WA Restart flag - ACTIVE
2025-12-03 22:41:57,024 - INFO - Alarm 4: SPM BUOY WA Restart flag - CLEARED
2025-12-03 22:42:09,128 - INFO - Alarm 5: SPM BUOY GPS Fault - CLEARED
2025-12-03 22:42:12,169 - INFO - Alarm 9: RECEIVING TERMINALS WA Restart flag - CLEARED
2025-12-03 22:42:27,297 - INFO - Alarm 3: SPM BUOY Power/Communications Fault - ACTIVE
2025-12-03 22:42:36,391 - INFO - Alarm 9: RECEIVING TERMINALS WA Restart flag - ACTIVE
2025-12-03 22:43:45,174 - INFO - Alarm 4: SPM BUOY WA Restart flag - ACTIVE
2025-12-03 22:43:51,241 - INFO - Alarm 6: SPM BUOY Sensor A fault - CLEARED
2025-12-03 22:43:57,337 - INFO - Alarm 5: SPM BUOY GPS Fault - ACTIVE
2025-12-03 22:44:06,436 - INFO - Alarm 10: RECEIVING TERMINALS GPS Fault - CLEARED
2025-12-03 22:44:39,895 - INFO - Alarm 10: RECEIVING TERMINALS GPS Fault - ACTIVE
2025-12-03 22:45:04,197 - INFO - Alarm 9: RECEIVING TERMINALS WA Restart flag - CLEARED
2025-12-03 22:45:13,304 - INFO - Alarm 5: SPM BUOY GPS Fault - CLEARED
2025-12-03 22:45:27,488 - INFO - Alarm 5: SPM BUOY GPS Fault - ACTIVE
2025-12-03 22:46:28,218 - INFO - Alarm 4: SPM BUOY WA Restart flag - CLEARED
2025-12-03 22:47:27,923 - INFO - Alarm 9: RECEIVING TERMINALS WA Restart flag - ACTIVE
2025-12-03 22:47:49,186 - INFO - Alarm 6: SPM BUOY Sensor A fault - ACTIVE
2025-12-03 22:48:01,331 - INFO - Alarm 5: SPM BUOY GPS Fault - CLEARED
2025-12-03 22:48:04,378 - INFO - Alarm 10: RECEIVING TERMINALS GPS Fault - CLEARED
2025-12-03 22:48:40,852 - INFO - Alarm 10: RECEIVING TERMINALS GPS Fault - ACTIVE
2025-12-03 22:48:58,107 - INFO - Alarm 5: SPM BUOY GPS Fault - ACTIVE
2025-12-03 22:49:01,145 - INFO - Alarm 3: SPM BUOY Power/Communications Fault - CLEARED
2025-12-03 22:49:46,671 - INFO - Alarm 8: RECEIVING TERMINALS Power/Communications Fault - CLEARED
2025-12-03 22:50:04,901 - INFO - Alarm 3: SPM BUOY Power/Communications Fault - ACTIVE
2025-12-03 22:50:37,344 - INFO - Alarm 6: SPM BUOY Sensor A fault - CLEARED
2025-12-03 22:50:46,458 - INFO - Alarm 8: RECEIVING TERMINALS Power/Communications Fault - ACTIVE
2025-12-03 22:51:10,784 - INFO - Alarm 10: RECEIVING TERMINALS GPS Fault - CLEARED
2025-12-03 22:51:13,832 - INFO - Alarm 5: SPM BUOY GPS Fault - CLEARED
2025-12-03 22:52:19,653 - INFO - Alarm 4: SPM BUOY WA Restart flag - ACTIVE
2025-12-03 22:52:56,110 - INFO - Alarm 4: SPM BUOY WA Restart flag - CLEARED
2025-12-03 22:53:05,222 - INFO - Alarm 3: SPM BUOY Power/Communications Fault - CLEARED
2025-12-03 22:53:32,558 - INFO - Alarm 10: RECEIVING TERMINALS GPS Fault - ACTIVE
2025-12-03 22:55:32,021 - INFO - Alarm 11: RECEIVING TERMINALS Sensor A fault - CLEARED
2025-12-03 22:55:53,281 - INFO - Alarm 4: SPM BUOY WA Restart flag - ACTIVE
2025-12-03 22:56:05,417 - INFO - Alarm 4: SPM BUOY WA Restart flag - CLEARED
2025-12-03 22:56:17,559 - INFO - Alarm 5: SPM BUOY GPS Fault - ACTIVE
2025-12-03 22:56:20,599 - INFO - Alarm 4: SPM BUOY WA Restart flag - ACTIVE
2025-12-03 22:57:29,344 - INFO - Alarm 6: SPM BUOY Sensor A fault - ACTIVE
2025-12-03 22:58:23,921 - INFO - Alarm 6: SPM BUOY Sensor A fault - CLEARED
2025-12-03 22:58:51,300 - INFO - Alarm 6: SPM BUOY Sensor A fault - ACTIVE
2025-12-03 22:58:56,387 - INFO - Alarm 9: RECEIVING TERMINALS WA Restart flag - CLEARED
2025-12-03 22:59:05,527 - INFO - Alarm 10: RECEIVING TERMINALS GPS Fault - CLEARED
2025-12-03 22:59:11,627 - INFO - Alarm 3: SPM BUOY Power/Communications Fault - ACTIVE
2025-12-03 23:00:00,375 - INFO - Alarm 3: SPM BUOY Power/Communications Fault - CLEARED
2025-12-03 23:00:08,491 - INFO - Alarm 4: SPM BUOY WA Restart flag - CLEARED
2025-12-03 23:00:20,620 - INFO - Alarm 9: RECEIVING TERMINALS WA Restart flag - ACTIVE
2025-12-03 23:00:44,844 - INFO - Alarm 8: RECEIVING TERMINALS Power/Communications Fault - CLEARED
2025-12-03 23:01:21,168 - INFO - Alarm 6: SPM BUOY Sensor A fault - CLEARED
2025-12-03 23:01:30,261 - INFO - Alarm 11: RECEIVING TERMINALS Sensor A fault - ACTIVE
2025-12-03 23:01:45,399 - INFO - Alarm 3: SPM BUOY Power/Communications Fault - ACTIVE
2025-12-03 23:02:20,738 - INFO - Alarm 6: SPM BUOY Sensor A fault - ACTIVE
2025-12-03 23:02:47,985 - INFO - Alarm 11: RECEIVING TERMINALS Sensor A fault - CLEARED
2025-12-03 23:03:15,229 - INFO - Alarm 9: RECEIVING TERMINALS WA Restart flag - CLEARED
2025-12-03 23:04:00,673 - INFO - Alarm 6: SPM BUOY Sensor A fault - CLEARED
2025-12-03 23:04:14,804 - INFO - Alarm 3: SPM BUOY Power/Communications Fault - CLEARED
2025-12-03 23:04:26,924 - INFO - Alarm 8: RECEIVING TERMINALS Power/Communications Fault - ACTIVE
2025-12-03 23:04:35,985 - INFO - Alarm 3: SPM BUOY Power/Communications Fault - ACTIVE
2025-12-03 23:05:27,538 - INFO - Alarm 9: RECEIVING TERMINALS WA Restart flag - ACTIVE
2025-12-03 23:06:21,060 - INFO - Alarm 11: RECEIVING TERMINALS Sensor A fault - ACTIVE
2025-12-03 23:06:42,264 - INFO - Alarm 11: RECEIVING TERMINALS Sensor A fault - CLEARED
2025-12-03 23:07:51,914 - INFO - Alarm 8: RECEIVING TERMINALS Power/Communications Fault - CLEARED
2025-12-03 23:08:24,209 - INFO - Alarm 3: SPM BUOY Power/Communications Fault - CLEARED
2025-12-03 23:09:06,637 - INFO - Alarm 11: RECEIVING TERMINALS Sensor A fault - ACTIVE
2025-12-03 23:09:12,690 - INFO - Alarm 5: SPM BUOY GPS Fault - CLEARED
2025-12-03 23:10:09,280 - INFO - Alarm 3: SPM BUOY Power/Communications Fault - ACTIVE
2025-12-03 23:10:30,462 - INFO - Alarm 9: RECEIVING TERMINALS WA Restart flag - CLEARED
2025-12-03 23:11:31,053 - INFO - Alarm 3: SPM BUOY Power/Communications Fault - CLEARED
2025-12-03 23:11:46,210 - INFO - Alarm 5: SPM BUOY GPS Fault - ACTIVE
2025-12-03 23:11:49,244 - INFO - Alarm 10: RECEIVING TERMINALS GPS Fault - ACTIVE
2025-12-03 23:12:15,493 - INFO - Alarm 11: RECEIVING TERMINALS Sensor A fault - CLEARED
2025-12-03 23:12:27,599 - INFO - Alarm 10: RECEIVING TERMINALS GPS Fault - CLEARED
2025-12-03 23:12:36,689 - INFO - Alarm 6: SPM BUOY Sensor A fault - ACTIVE
2025-12-03 23:12:39,722 - INFO - Alarm 5: SPM BUOY GPS Fault - CLEARED
2025-12-03 23:12:48,818 - INFO - Alarm 10: RECEIVING TERMINALS GPS Fault - ACTIVE
2025-12-03 23:13:03,971 - INFO - Alarm 10: RECEIVING TERMINALS GPS Fault - CLEARED
2025-12-03 23:13:07,005 - INFO - Alarm 5: SPM BUOY GPS Fault - ACTIVE
2025-12-03 23:13:13,066 - INFO - Alarm 3: SPM BUOY Power/Communications Fault - ACTIVE
2025-12-03 23:13:46,375 - INFO - Alarm 6: SPM BUOY Sensor A fault - CLEARED
2025-12-03 23:14:45,945 - INFO - Alarm 5: SPM BUOY GPS Fault - CLEARED
2025-12-03 23:15:01,102 - INFO - Alarm 6: SPM BUOY Sensor A fault - ACTIVE
2025-12-03 23:15:04,141 - INFO - Alarm 4: SPM BUOY WA Restart flag - ACTIVE
2025-12-03 23:15:28,359 - INFO - Alarm 9: RECEIVING TERMINALS WA Restart flag - ACTIVE
2025-12-03 23:16:18,841 - INFO - Alarm 6: SPM BUOY Sensor A fault - CLEARED
2025-12-03 23:16:58,193 - INFO - Alarm 4: SPM BUOY WA Restart flag - CLEARED
2025-12-03 23:17:13,354 - INFO - Alarm 9: RECEIVING TERMINALS WA Restart flag - CLEARED
2025-12-03 23:17:16,388 - INFO - Alarm 5: SPM BUOY GPS Fault - ACTIVE
2025-12-03 23:17:40,628 - INFO - Alarm 9: RECEIVING TERMINALS WA Restart flag - ACTIVE
2025-12-03 23:18:25,184 - INFO - Alarm 11: RECEIVING TERMINALS Sensor A fault - ACTIVE
2025-12-03 23:18:40,356 - INFO - Alarm 10: RECEIVING TERMINALS GPS Fault - ACTIVE
2025-12-03 23:19:10,762 - INFO - Alarm 5: SPM BUOY GPS Fault - CLEARED
2025-12-03 23:19:37,057 - INFO - Alarm 8: RECEIVING TERMINALS Power/Communications Fault - ACTIVE
2025-12-03 23:20:10,414 - INFO - Alarm 5: SPM BUOY GPS Fault - ACTIVE
2025-12-03 23:21:05,030 - INFO - Alarm 5: SPM BUOY GPS Fault - CLEARED
2025-12-03 23:21:08,064 - INFO - Alarm 3: SPM BUOY Power/Communications Fault - CLEARED
2025-12-03 23:21:11,103 - INFO - Alarm 8: RECEIVING TERMINALS Power/Communications Fault - CLEARED
2025-12-03 23:22:32,263 - INFO - Alarm 9: RECEIVING TERMINALS WA Restart flag - CLEARED
2025-12-03 23:22:58,636 - INFO - Alarm 9: RECEIVING TERMINALS WA Restart flag - ACTIVE
2025-12-03 23:23:01,689 - INFO - Alarm 11: RECEIVING TERMINALS Sensor A fault - CLEARED
2025-12-03 23:24:10,682 - INFO - Alarm 11: RECEIVING TERMINALS Sensor A fault - ACTIVE
2025-12-03 23:24:25,920 - INFO - Alarm 6: SPM BUOY Sensor A fault - ACTIVE
2025-12-03 23:24:41,160 - INFO - Alarm 8: RECEIVING TERMINALS Power/Communications Fault - ACTIVE
2025-12-03 23:24:47,256 - INFO - Alarm 5: SPM BUOY GPS Fault - ACTIVE
2025-12-03 23:25:13,656 - INFO - Alarm 4: SPM BUOY WA Restart flag - ACTIVE
2025-12-03 23:26:31,823 - INFO - Alarm 9: RECEIVING TERMINALS WA Restart flag - CLEARED
2025-12-03 23:26:40,954 - INFO - Alarm 6: SPM BUOY Sensor A fault - CLEARED
2025-12-03 23:27:17,499 - INFO - Alarm 5: SPM BUOY GPS Fault - CLEARED
2025-12-03 23:27:53,019 - INFO - Alarm 5: SPM BUOY GPS Fault - ACTIVE
2025-12-03 23:28:08,262 - INFO - Alarm 8: RECEIVING TERMINALS Power/Communications Fault - CLEARED
2025-12-03 23:28:32,617 - INFO - Alarm 4: SPM BUOY WA Restart flag - CLEARED
2025-12-03 23:28:50,895 - INFO - Alarm 8: RECEIVING TERMINALS Power/Communications Fault - ACTIVE
2025-12-03 23:30:02,983 - INFO - Alarm 10: RECEIVING TERMINALS GPS Fault - CLEARED
2025-12-03 23:47:41,908 - INFO - Alarm 5: SPM BUOY GPS Fault - CLEARED
2025-12-03 23:47:51,041 - INFO - Alarm 8: RECEIVING TERMINALS Power/Communications Fault - CLEARED
2025-12-03 23:48:34,169 - INFO - Alarm 3: SPM BUOY Power/Communications Fault - ACTIVE
